{"level":"error","timestamp":"2023-12-05T08:48:31.554Z"}
{"level":"error","timestamp":"2023-12-05T08:51:22.067Z"}
{"level":"error","message":"jwt must be provided","name":"JsonWebTokenError","timestamp":"2023-12-05T11:07:56.261Z"}
{"level":"error","message":"jwt must be provided","name":"JsonWebTokenError","timestamp":"2023-12-05T11:07:56.264Z"}
{"level":"error","message":"jwt must be provided","name":"JsonWebTokenError","timestamp":"2023-12-05T11:07:56.271Z"}
{"level":"error","message":"jwt must be provided","name":"JsonWebTokenError","timestamp":"2023-12-06T07:06:32.325Z"}
{"level":"error","message":"jwt must be provided","name":"JsonWebTokenError","timestamp":"2023-12-06T07:06:32.328Z"}
{"level":"error","message":"jwt must be provided","name":"JsonWebTokenError","timestamp":"2023-12-06T07:06:32.338Z"}
{"level":"error","timestamp":"2023-12-06T11:33:51.844Z"}
{"level":"error","timestamp":"2023-12-13T04:46:44.400Z"}
{"level":"error","timestamp":"2023-12-13T04:48:05.177Z"}
{"level":"error","message":"jwt must be provided","name":"JsonWebTokenError","timestamp":"2023-12-13T05:10:27.425Z"}
{"level":"error","message":"jwt must be provided","name":"JsonWebTokenError","timestamp":"2023-12-13T05:10:27.432Z"}
{"level":"error","message":"jwt must be provided","name":"JsonWebTokenError","timestamp":"2023-12-13T05:10:27.441Z"}
{"level":"error","message":"jwt must be provided","name":"JsonWebTokenError","timestamp":"2023-12-13T05:10:48.218Z"}
{"level":"error","message":"jwt must be provided","name":"JsonWebTokenError","timestamp":"2023-12-13T05:10:48.226Z"}
{"level":"error","message":"jwt must be provided","name":"JsonWebTokenError","timestamp":"2023-12-13T05:10:51.011Z"}
{"level":"error","message":"jwt must be provided","name":"JsonWebTokenError","timestamp":"2023-12-13T05:10:51.035Z"}
{"level":"error","message":"jwt must be provided","name":"JsonWebTokenError","timestamp":"2023-12-13T05:10:51.058Z"}
{"level":"error","timestamp":"2023-12-13T05:31:28.008Z"}
{"level":"error","timestamp":"2023-12-13T05:42:04.560Z"}
{"level":"error","timestamp":"2023-12-13T05:42:58.857Z"}
{"level":"error","timestamp":"2023-12-13T05:43:00.522Z"}
{"level":"error","timestamp":"2023-12-13T05:43:26.145Z"}
{"level":"error","timestamp":"2023-12-13T09:54:46.043Z"}
{"level":"error","timestamp":"2023-12-13T09:59:44.205Z"}
{"level":"error","timestamp":"2023-12-13T09:59:46.056Z"}
{"level":"error","timestamp":"2023-12-13T09:59:47.564Z"}
{"level":"error","timestamp":"2023-12-14T04:11:00.740Z"}
{"level":"error","timestamp":"2023-12-14T04:11:29.321Z"}
{"level":"error","timestamp":"2023-12-14T04:11:30.827Z"}
{"level":"error","timestamp":"2023-12-14T04:11:49.706Z"}
{"level":"error","message":"jwt must be provided","name":"JsonWebTokenError","timestamp":"2023-12-14T05:33:43.059Z"}
{"level":"error","message":"jwt must be provided","name":"JsonWebTokenError","timestamp":"2023-12-14T05:33:43.081Z"}
{"level":"error","message":"jwt must be provided","name":"JsonWebTokenError","timestamp":"2023-12-14T05:33:43.094Z"}
{"level":"error","timestamp":"2023-12-14T06:01:24.287Z"}
{"level":"error","timestamp":"2023-12-14T06:01:24.292Z"}
{"level":"error","timestamp":"2023-12-14T06:01:24.300Z"}
{"level":"error","timestamp":"2023-12-14T06:01:24.301Z"}
{"level":"error","timestamp":"2023-12-14T06:01:24.425Z"}
{"level":"error","timestamp":"2023-12-14T06:01:24.429Z"}
{"level":"error","timestamp":"2023-12-14T06:01:24.463Z"}
{"level":"error","timestamp":"2023-12-14T06:01:47.394Z"}
{"level":"error","timestamp":"2023-12-14T06:01:47.420Z"}
{"level":"error","timestamp":"2023-12-14T06:01:47.448Z"}
{"level":"error","message":"Cannot read properties of null (reading 'price')","timestamp":"2023-12-14T06:02:40.106Z"}
{"level":"error","timestamp":"2023-12-14T06:05:11.231Z"}
{"level":"error","timestamp":"2023-12-14T06:05:11.238Z"}
{"level":"error","timestamp":"2023-12-14T06:05:11.239Z"}
{"level":"error","timestamp":"2023-12-14T06:05:11.294Z"}
{"level":"error","timestamp":"2023-12-14T06:05:11.298Z"}
{"level":"error","timestamp":"2023-12-14T06:05:11.332Z"}
{"level":"error","timestamp":"2023-12-14T06:06:00.097Z"}
{"level":"error","timestamp":"2023-12-14T06:06:00.136Z"}
{"level":"error","timestamp":"2023-12-14T06:07:07.896Z"}
{"level":"error","timestamp":"2023-12-14T06:07:07.900Z"}
{"level":"error","timestamp":"2023-12-14T06:07:07.970Z"}
{"level":"error","timestamp":"2023-12-14T06:07:12.800Z"}
{"level":"error","timestamp":"2023-12-14T06:07:12.856Z"}
{"level":"error","timestamp":"2023-12-14T06:07:12.908Z"}
{"level":"error","timestamp":"2023-12-14T06:09:53.220Z"}
{"level":"error","timestamp":"2023-12-14T06:09:53.256Z"}
{"level":"error","timestamp":"2023-12-14T06:09:53.293Z"}
{"level":"error","timestamp":"2023-12-14T06:10:03.755Z"}
{"level":"error","timestamp":"2023-12-14T06:10:03.792Z"}
{"level":"error","timestamp":"2023-12-14T06:10:05.560Z"}
{"level":"error","timestamp":"2023-12-14T06:10:05.571Z"}
{"level":"error","timestamp":"2023-12-14T06:10:05.612Z"}
{"level":"error","message":"Cannot read properties of null (reading 'price')","timestamp":"2023-12-14T06:14:20.111Z"}
{"level":"error","message":"Cannot read properties of null (reading 'price')","timestamp":"2023-12-14T06:14:36.942Z"}
{"level":"error","message":"Cannot read properties of null (reading 'price')","timestamp":"2023-12-14T06:14:56.568Z"}
{"level":"error","message":"Cannot read properties of null (reading 'price')","timestamp":"2023-12-14T06:16:15.366Z"}
{"level":"error","message":"Cannot read properties of null (reading 'price')","timestamp":"2023-12-14T06:20:45.197Z"}
{"level":"error","message":"Cannot read properties of null (reading 'price')","timestamp":"2023-12-14T06:33:33.028Z"}
{"level":"error","message":"Cannot read properties of null (reading 'price')","timestamp":"2023-12-14T06:35:31.287Z"}
{"level":"error","message":"Cannot read properties of null (reading 'price')","timestamp":"2023-12-14T07:00:43.614Z"}
{"level":"error","message":"Cannot read properties of null (reading 'price')","timestamp":"2023-12-14T07:00:49.014Z"}
{"level":"error","message":"Cannot read properties of null (reading 'price')","timestamp":"2023-12-14T07:01:09.007Z"}
{"level":"error","timestamp":"2023-12-14T07:24:35.001Z"}
{"level":"error","timestamp":"2023-12-15T10:56:22.269Z"}
{"level":"error","timestamp":"2023-12-15T10:56:22.383Z"}
{"level":"error","timestamp":"2023-12-15T10:56:22.437Z"}
{"level":"error","timestamp":"2023-12-15T10:56:28.110Z"}
{"level":"error","timestamp":"2023-12-15T10:56:28.112Z"}
{"level":"error","timestamp":"2023-12-15T10:56:28.114Z"}
{"level":"error","timestamp":"2023-12-15T10:56:28.176Z"}
{"level":"error","timestamp":"2023-12-15T10:56:28.223Z"}
{"level":"error","timestamp":"2023-12-15T10:56:28.236Z"}
{"level":"error","timestamp":"2023-12-15T10:56:28.289Z"}
{"level":"error","timestamp":"2023-12-15T11:20:54.033Z"}
{"level":"error","timestamp":"2023-12-15T11:46:09.635Z"}
{"level":"error","timestamp":"2023-12-15T11:46:09.641Z"}
{"level":"error","timestamp":"2023-12-15T11:46:09.679Z"}
{"level":"error","timestamp":"2023-12-15T11:46:12.937Z"}
{"level":"error","timestamp":"2023-12-15T11:46:12.978Z"}
{"level":"error","timestamp":"2023-12-15T11:46:13.019Z"}
{"level":"error","timestamp":"2023-12-15T11:46:15.758Z"}
{"level":"error","timestamp":"2023-12-15T11:46:15.770Z"}
{"level":"error","timestamp":"2023-12-15T11:46:15.806Z"}
{"level":"error","message":"jwt must be provided","name":"JsonWebTokenError","timestamp":"2023-12-18T06:06:46.853Z"}
{"level":"error","message":"jwt must be provided","name":"JsonWebTokenError","timestamp":"2023-12-18T06:06:46.859Z"}
{"level":"error","message":"jwt must be provided","name":"JsonWebTokenError","timestamp":"2023-12-18T06:06:46.873Z"}
{"level":"error","timestamp":"2023-12-18T08:49:04.232Z"}
{"level":"error","timestamp":"2023-12-18T08:49:04.236Z"}
{"level":"error","timestamp":"2023-12-18T08:49:04.252Z"}
{"level":"error","timestamp":"2023-12-18T08:49:04.257Z"}
{"level":"error","timestamp":"2023-12-18T08:49:04.331Z"}
{"level":"error","timestamp":"2023-12-18T08:49:04.342Z"}
{"level":"error","timestamp":"2023-12-18T08:49:04.375Z"}
{"level":"error","message":"Cannot read properties of undefined (reading '_id')","timestamp":"2023-12-18T08:57:14.560Z"}
{"level":"error","message":"Cannot read properties of undefined (reading '_id')","timestamp":"2023-12-18T08:58:43.044Z"}
{"level":"error","message":"Cannot read properties of undefined (reading 'id')","timestamp":"2023-12-18T08:58:59.653Z"}
{"level":"error","message":"jwt must be provided","name":"JsonWebTokenError","timestamp":"2023-12-18T08:59:36.761Z"}
{"level":"error","message":"Query was already executed: course.find({ 'chapters._id': new ObjectId(\"644f4995d04b3ca6...","timestamp":"2023-12-18T09:02:59.350Z"}
{"level":"error","message":"err is not defined","timestamp":"2023-12-18T09:14:58.644Z"}
{"level":"error","message":"Assignment to constant variable.","timestamp":"2023-12-18T09:15:15.585Z"}
{"level":"error","message":"Cannot read properties of undefined (reading 'length')","timestamp":"2023-12-18T09:15:46.057Z"}
{"level":"error","message":"Cannot read properties of undefined (reading 'length')","timestamp":"2023-12-18T09:16:05.009Z"}
{"level":"error","message":"Cannot read properties of undefined (reading 'length')","timestamp":"2023-12-18T09:17:16.250Z"}
{"level":"error","message":"Cannot read properties of undefined (reading 'length')","timestamp":"2023-12-18T09:17:31.929Z"}
{"level":"error","message":"Cannot read properties of undefined (reading 'length')","timestamp":"2023-12-18T09:18:14.794Z"}
{"level":"error","message":"Cannot read properties of undefined (reading 'length')","timestamp":"2023-12-18T09:18:50.777Z"}
{"level":"error","message":"Cannot read properties of undefined (reading 'length')","timestamp":"2023-12-18T09:36:17.166Z"}
{"level":"error","message":"Cannot read properties of undefined (reading 'length')","timestamp":"2023-12-18T09:36:22.890Z"}
{"level":"error","message":"Cannot read properties of undefined (reading 'length')","timestamp":"2023-12-18T09:37:03.978Z"}
{"level":"error","message":"Cannot read properties of undefined (reading 'length')","timestamp":"2023-12-18T09:37:20.560Z"}
{"level":"error","message":"Argument passed in does not match the accepted types","timestamp":"2023-12-18T10:23:05.302Z"}
{"level":"error","message":"Cannot read properties of null (reading '0')","timestamp":"2023-12-18T10:25:01.941Z"}
{"level":"error","message":"Cannot read properties of undefined (reading 'length')","timestamp":"2023-12-18T10:26:35.038Z"}
{"level":"error","message":"Invalid status code: courseid","timestamp":"2023-12-18T10:36:35.602Z"}
{"level":"error","message":"Invalid status code: courseid","timestamp":"2023-12-18T10:36:43.505Z"}
{"level":"error","message":"Invalid status code: courseid","timestamp":"2023-12-18T10:37:18.167Z"}
{"level":"error","message":"Invalid status code: courseid","timestamp":"2023-12-18T10:37:34.388Z"}
{"level":"error","message":"Invalid status code: {\n  chapterid: '64dc4e396e36a3edf9682146',\n  chaptername: 'Introduction Video',\n  content: 'WEBPWN is a comprehensive and professional web hacking program designed to empower cybersecurity professionals, ethical hackers, and aspiring web security experts with the knowledge and skills needed to identify and mitigate the most critical web application vulnerabilities. This program not only covers the OWASP Top 10 vulnerabilities but also offers a wide range of challenges to help you practice and hone your skills.',\n  image: '',\n  video: 'https://hp-profie-images-ap-south-1.s3.ap-south-1.amazonaws.com/16851020616201.+Introduction+To+Webhack.mp4',\n  _id: new ObjectId(\"644f4995d04b3ca64d22967e\"),\n  reviews: [ { _id: new ObjectId(\"658024dea588b8f3dcce81e4\") } ]\n}","timestamp":"2023-12-18T10:54:22.130Z"}
{"level":"error","message":"Invalid status code: {\n  chapterid: '64dc4e396e36a3edf9682146',\n  chaptername: 'Introduction Video',\n  content: 'WEBPWN is a comprehensive and professional web hacking program designed to empower cybersecurity professionals, ethical hackers, and aspiring web security experts with the knowledge and skills needed to identify and mitigate the most critical web application vulnerabilities. This program not only covers the OWASP Top 10 vulnerabilities but also offers a wide range of challenges to help you practice and hone your skills.',\n  image: '',\n  video: 'https://hp-profie-images-ap-south-1.s3.ap-south-1.amazonaws.com/16851020616201.+Introduction+To+Webhack.mp4',\n  _id: new ObjectId(\"644f4995d04b3ca64d22967e\"),\n  reviews: [ { _id: new ObjectId(\"658024fe69f28be437687eda\") } ]\n}","timestamp":"2023-12-18T10:54:54.535Z"}
{"level":"error","message":"Invalid status code: {\n  chapterid: '64dc4e396e36a3edf9682146',\n  chaptername: 'Introduction Video',\n  content: 'WEBPWN is a comprehensive and professional web hacking program designed to empower cybersecurity professionals, ethical hackers, and aspiring web security experts with the knowledge and skills needed to identify and mitigate the most critical web application vulnerabilities. This program not only covers the OWASP Top 10 vulnerabilities but also offers a wide range of challenges to help you practice and hone your skills.',\n  image: '',\n  video: 'https://hp-profie-images-ap-south-1.s3.ap-south-1.amazonaws.com/16851020616201.+Introduction+To+Webhack.mp4',\n  _id: new ObjectId(\"644f4995d04b3ca64d22967e\"),\n  reviews: [ { _id: new ObjectId(\"65802541f813afd2d9244758\") } ]\n}","timestamp":"2023-12-18T10:56:01.697Z"}
{"level":"error","message":"Cannot read properties of undefined (reading '_id')","timestamp":"2023-12-18T10:56:23.216Z"}
{"level":"error","message":"Invalid status code: courseid","timestamp":"2023-12-18T11:14:06.008Z"}
{"level":"error","message":"Invalid status code: courseid","timestamp":"2023-12-18T11:14:43.487Z"}
{"level":"error","message":"Cannot read properties of undefined (reading 'id')","timestamp":"2023-12-19T06:23:12.155Z"}
{"level":"error","message":"Cannot read properties of undefined (reading 'id')","timestamp":"2023-12-19T06:26:31.360Z"}
{"level":"error","message":"Cannot read properties of undefined (reading 'id')","timestamp":"2023-12-19T06:26:54.491Z"}
{"level":"error","message":"Cannot read properties of undefined (reading 'id')","timestamp":"2023-12-19T06:27:13.901Z"}
{"level":"error","message":"Cannot read properties of undefined (reading 'id')","timestamp":"2023-12-19T06:27:37.277Z"}
{"level":"error","message":"Cannot read properties of undefined (reading 'id')","timestamp":"2023-12-19T06:27:56.516Z"}
{"level":"error","message":"Cannot read properties of undefined (reading 'id')","timestamp":"2023-12-19T06:31:46.011Z"}
{"level":"error","message":"Cannot read properties of undefined (reading 'id')","timestamp":"2023-12-19T06:32:26.379Z"}
{"level":"error","message":"Cannot read properties of undefined (reading 'id')","timestamp":"2023-12-19T06:33:32.808Z"}
{"level":"error","message":"res.status.json is not a function","timestamp":"2023-12-19T06:35:25.507Z"}
{"level":"error","message":"res.status.json is not a function","timestamp":"2023-12-19T06:37:00.399Z"}
{"level":"error","message":"res.status.json is not a function","timestamp":"2023-12-19T06:38:04.646Z"}
{"level":"error","message":"Cannot read properties of undefined (reading 'id')","timestamp":"2023-12-19T06:39:03.944Z"}
{"level":"error","message":"Cannot read properties of undefined (reading 'id')","timestamp":"2023-12-19T06:39:37.246Z"}
{"level":"error","message":"Cannot read properties of undefined (reading 'id')","timestamp":"2023-12-19T06:39:52.395Z"}
{"level":"error","message":"Cannot read properties of undefined (reading 'id')","timestamp":"2023-12-19T06:40:23.670Z"}
{"level":"error","message":"Cannot read properties of undefined (reading 'id')","timestamp":"2023-12-19T06:40:37.626Z"}
{"level":"error","message":"Cannot read properties of undefined (reading 'id')","timestamp":"2023-12-19T06:41:19.433Z"}
{"level":"error","message":"Cannot read properties of undefined (reading 'id')","timestamp":"2023-12-19T06:41:41.801Z"}
{"level":"error","message":"Cannot read properties of undefined (reading 'id')","timestamp":"2023-12-19T06:42:30.878Z"}
{"level":"error","message":"Cannot read properties of undefined (reading 'id')","timestamp":"2023-12-19T06:43:15.798Z"}
{"level":"error","message":"Cannot read properties of undefined (reading 'id')","timestamp":"2023-12-19T06:43:47.020Z"}
{"level":"error","message":"Cannot read properties of undefined (reading 'id')","timestamp":"2023-12-19T06:44:58.644Z"}
{"level":"error","message":"Cannot read properties of undefined (reading 'id')","timestamp":"2023-12-19T06:45:10.954Z"}
{"level":"error","message":"Cannot read properties of undefined (reading 'id')","timestamp":"2023-12-19T06:46:32.299Z"}
{"level":"error","message":"Cannot read properties of undefined (reading 'id')","timestamp":"2023-12-19T06:46:47.997Z"}
{"level":"error","message":"Cannot read properties of undefined (reading 'id')","timestamp":"2023-12-19T06:47:04.104Z"}
{"level":"error","message":"Cannot read properties of undefined (reading 'id')","timestamp":"2023-12-19T06:47:17.806Z"}
{"level":"error","message":"Cannot read properties of undefined (reading 'id')","timestamp":"2023-12-19T06:47:36.746Z"}
{"level":"error","message":"Cannot read properties of undefined (reading 'id')","timestamp":"2023-12-19T06:47:46.063Z"}
{"level":"error","message":"Cannot read properties of undefined (reading 'id')","timestamp":"2023-12-19T06:47:54.287Z"}
{"level":"error","message":"res.status.json is not a function","timestamp":"2023-12-19T06:48:11.563Z"}
{"level":"error","message":"Cannot read properties of undefined (reading '_id')","timestamp":"2023-12-19T07:23:52.426Z"}
{"level":"error","message":"Cannot read properties of undefined (reading 'id')","timestamp":"2023-12-19T07:28:59.522Z"}
{"level":"error","message":"Cannot read properties of undefined (reading 'id')","timestamp":"2023-12-19T07:29:35.870Z"}
{"level":"error","message":"Cannot read properties of undefined (reading 'id')","timestamp":"2023-12-19T07:53:01.190Z"}
{"level":"error","message":"jwt must be provided","name":"JsonWebTokenError","timestamp":"2023-12-20T09:40:19.492Z"}
{"level":"error","message":"jwt must be provided","name":"JsonWebTokenError","timestamp":"2023-12-20T09:40:19.506Z"}
{"level":"error","message":"jwt must be provided","name":"JsonWebTokenError","timestamp":"2023-12-20T09:58:08.001Z"}
{"level":"error","message":"jwt must be provided","name":"JsonWebTokenError","timestamp":"2023-12-20T09:58:08.004Z"}
{"level":"error","message":"jwt must be provided","name":"JsonWebTokenError","timestamp":"2023-12-20T10:26:38.433Z"}
{"level":"error","message":"jwt must be provided","name":"JsonWebTokenError","timestamp":"2023-12-20T10:26:38.444Z"}
{"level":"error","message":"jwt must be provided","name":"JsonWebTokenError","timestamp":"2023-12-20T10:28:40.966Z"}
{"level":"error","message":"jwt must be provided","name":"JsonWebTokenError","timestamp":"2023-12-20T10:28:40.973Z"}
{"level":"error","message":"jwt must be provided","name":"JsonWebTokenError","timestamp":"2023-12-21T04:05:51.455Z"}
{"level":"error","message":"jwt must be provided","name":"JsonWebTokenError","timestamp":"2023-12-21T04:05:51.459Z"}
{"level":"error","message":"jwt must be provided","name":"JsonWebTokenError","timestamp":"2023-12-21T04:09:07.617Z"}
{"level":"error","message":"jwt must be provided","name":"JsonWebTokenError","timestamp":"2023-12-21T04:09:07.623Z"}
{"level":"error","message":"jwt must be provided","name":"JsonWebTokenError","timestamp":"2023-12-21T04:10:32.542Z"}
{"level":"error","message":"jwt must be provided","name":"JsonWebTokenError","timestamp":"2023-12-21T04:10:32.547Z"}
{"level":"error","message":"jwt must be provided","name":"JsonWebTokenError","timestamp":"2023-12-21T04:11:48.449Z"}
{"level":"error","message":"jwt must be provided","name":"JsonWebTokenError","timestamp":"2023-12-21T04:11:48.457Z"}
{"level":"error","message":"jwt must be provided","name":"JsonWebTokenError","timestamp":"2023-12-21T10:10:08.942Z"}
{"level":"error","message":"jwt must be provided","name":"JsonWebTokenError","timestamp":"2023-12-21T10:10:08.950Z"}
{"level":"error","message":"jwt must be provided","name":"JsonWebTokenError","timestamp":"2023-12-21T10:10:09.009Z"}
{"level":"error","message":"jwt must be provided","name":"JsonWebTokenError","timestamp":"2023-12-21T10:10:28.300Z"}
{"level":"error","message":"jwt must be provided","name":"JsonWebTokenError","timestamp":"2023-12-21T10:10:28.303Z"}
{"level":"error","message":"jwt must be provided","name":"JsonWebTokenError","timestamp":"2023-12-21T10:10:28.308Z"}
{"level":"error","timestamp":"2023-12-22T05:55:53.842Z"}
{"level":"error","timestamp":"2023-12-22T05:55:53.884Z"}
{"level":"error","timestamp":"2023-12-22T07:25:09.453Z"}
{"level":"error","message":"jwt must be provided","name":"JsonWebTokenError","timestamp":"2023-12-26T04:12:06.379Z"}
{"level":"error","message":"jwt must be provided","name":"JsonWebTokenError","timestamp":"2023-12-26T04:12:06.381Z"}
{"level":"error","message":"jwt must be provided","name":"JsonWebTokenError","timestamp":"2023-12-26T04:12:10.855Z"}
{"level":"error","message":"jwt must be provided","name":"JsonWebTokenError","timestamp":"2023-12-26T04:12:10.861Z"}
{"level":"error","message":"jwt must be provided","name":"JsonWebTokenError","timestamp":"2023-12-26T04:12:10.863Z"}
{"level":"error","message":"jwt must be provided","name":"JsonWebTokenError","timestamp":"2023-12-28T05:04:30.929Z"}
{"level":"error","message":"jwt must be provided","name":"JsonWebTokenError","timestamp":"2023-12-28T05:04:30.942Z"}
{"level":"error","message":"jwt must be provided","name":"JsonWebTokenError","timestamp":"2023-12-28T05:04:30.943Z"}
{"level":"error","message":"jwt must be provided","name":"JsonWebTokenError","timestamp":"2023-12-28T05:04:39.882Z"}
{"level":"error","message":"jwt must be provided","name":"JsonWebTokenError","timestamp":"2023-12-28T05:04:39.900Z"}
{"level":"error","message":"jwt must be provided","name":"JsonWebTokenError","timestamp":"2023-12-28T05:04:39.916Z"}
{"level":"error","message":"jwt must be provided","name":"JsonWebTokenError","timestamp":"2023-12-28T05:17:03.050Z"}
{"level":"error","message":"jwt must be provided","name":"JsonWebTokenError","timestamp":"2023-12-28T05:17:03.071Z"}
{"level":"error","message":"jwt must be provided","name":"JsonWebTokenError","timestamp":"2023-12-28T05:17:09.543Z"}
{"level":"error","message":"jwt must be provided","name":"JsonWebTokenError","timestamp":"2023-12-28T05:17:09.577Z"}
{"level":"error","message":"jwt must be provided","name":"JsonWebTokenError","timestamp":"2023-12-28T05:17:09.599Z"}
{"level":"error","message":"jwt must be provided","name":"JsonWebTokenError","timestamp":"2023-12-28T05:17:11.478Z"}
{"level":"error","message":"jwt must be provided","name":"JsonWebTokenError","timestamp":"2023-12-28T05:17:11.499Z"}
{"level":"error","message":"jwt must be provided","name":"JsonWebTokenError","timestamp":"2023-12-28T05:17:14.988Z"}
{"level":"error","message":"jwt must be provided","name":"JsonWebTokenError","timestamp":"2023-12-28T05:17:14.990Z"}
{"level":"error","message":"jwt must be provided","name":"JsonWebTokenError","timestamp":"2023-12-28T05:17:15.009Z"}
{"level":"error","timestamp":"2023-12-28T05:24:34.663Z"}
{"level":"error","timestamp":"2023-12-28T05:24:34.703Z"}
{"level":"error","timestamp":"2023-12-28T05:24:42.687Z"}
{"level":"error","timestamp":"2023-12-28T05:24:42.737Z"}
{"level":"error","timestamp":"2023-12-28T05:34:41.789Z"}
{"level":"error","timestamp":"2023-12-28T05:34:41.827Z"}
{"level":"error","timestamp":"2023-12-28T05:34:46.388Z"}
{"level":"error","timestamp":"2023-12-28T05:34:46.425Z"}
{"level":"error","timestamp":"2023-12-28T05:39:58.763Z"}
{"level":"error","timestamp":"2023-12-28T05:39:58.801Z"}
{"level":"error","timestamp":"2023-12-28T05:39:58.837Z"}
{"level":"error","message":"Cast to ObjectId failed for value \"63327fe6945a1935d80c92b42\" (type string) at path \"_id\" for model \"blog\"","timestamp":"2023-12-28T05:47:01.880Z"}
{"level":"error","message":"Cast to ObjectId failed for value \"63327fe6945a1935d80c92b43\" (type string) at path \"_id\" for model \"blog\"","timestamp":"2023-12-28T05:48:26.644Z"}
{"level":"error","timestamp":"2023-12-28T05:57:28.902Z"}
{"level":"error","timestamp":"2023-12-28T05:57:28.941Z"}
{"level":"error","timestamp":"2023-12-28T05:57:28.999Z"}
{"level":"error","timestamp":"2023-12-29T04:56:04.302Z"}
{"level":"error","timestamp":"2023-12-29T04:56:04.346Z"}
{"level":"error","timestamp":"2023-12-29T04:56:04.386Z"}
{"level":"error","timestamp":"2023-12-29T04:56:18.853Z"}
{"level":"error","timestamp":"2023-12-29T04:56:18.857Z"}
{"level":"error","timestamp":"2023-12-29T04:56:18.895Z"}
{"level":"error","timestamp":"2023-12-29T05:07:21.983Z"}
{"level":"error","timestamp":"2023-12-29T05:07:21.985Z"}
{"level":"error","timestamp":"2023-12-29T05:07:21.993Z"}
{"level":"error","timestamp":"2023-12-29T05:07:22.011Z"}
{"level":"error","timestamp":"2023-12-29T05:07:22.095Z"}
{"level":"error","timestamp":"2023-12-29T05:07:22.113Z"}
{"level":"error","timestamp":"2023-12-29T05:07:22.146Z"}
{"level":"error","message":"jwt must be provided","name":"JsonWebTokenError","timestamp":"2024-01-01T11:10:48.201Z"}
{"level":"error","message":"jwt must be provided","name":"JsonWebTokenError","timestamp":"2024-01-01T11:10:48.207Z"}
{"level":"error","message":"jwt must be provided","name":"JsonWebTokenError","timestamp":"2024-01-01T11:10:48.210Z"}
{"level":"error","message":"Query was already executed: testimonial.find({})","timestamp":"2024-01-01T11:10:48.219Z"}
{"level":"error","message":"jwt must be provided","name":"JsonWebTokenError","timestamp":"2024-01-01T11:15:48.784Z"}
{"level":"error","message":"jwt must be provided","name":"JsonWebTokenError","timestamp":"2024-01-01T11:15:48.791Z"}
{"level":"error","message":"jwt must be provided","name":"JsonWebTokenError","timestamp":"2024-01-01T11:15:48.793Z"}
{"level":"error","message":"jwt must be provided","name":"JsonWebTokenError","timestamp":"2024-01-01T11:15:51.409Z"}
{"level":"error","message":"Query was already executed: testimonial.find({})","timestamp":"2024-01-01T11:15:51.433Z"}
{"level":"error","message":"jwt must be provided","name":"JsonWebTokenError","timestamp":"2024-01-01T11:15:51.435Z"}
{"level":"error","message":"jwt must be provided","name":"JsonWebTokenError","timestamp":"2024-01-01T11:15:51.436Z"}
{"level":"error","message":"jwt must be provided","name":"JsonWebTokenError","timestamp":"2024-01-01T11:16:46.423Z"}
{"level":"error","message":"jwt must be provided","name":"JsonWebTokenError","timestamp":"2024-01-01T11:16:46.429Z"}
{"level":"error","message":"jwt must be provided","name":"JsonWebTokenError","timestamp":"2024-01-01T11:16:46.432Z"}
{"level":"error","message":"Query was already executed: testimonial.find({})","timestamp":"2024-01-01T11:16:46.581Z"}
{"level":"error","message":"jwt must be provided","name":"JsonWebTokenError","timestamp":"2024-01-01T11:19:04.655Z"}
{"level":"error","message":"jwt must be provided","name":"JsonWebTokenError","timestamp":"2024-01-01T11:19:04.661Z"}
{"level":"error","message":"jwt must be provided","name":"JsonWebTokenError","timestamp":"2024-01-01T11:19:04.664Z"}
{"level":"error","message":"Query was already executed: testimonial.find({})","timestamp":"2024-01-01T11:19:04.806Z"}
{"level":"error","message":"jwt must be provided","name":"JsonWebTokenError","timestamp":"2024-01-01T11:20:25.003Z"}
{"level":"error","message":"jwt must be provided","name":"JsonWebTokenError","timestamp":"2024-01-01T11:20:25.010Z"}
{"level":"error","message":"Query was already executed: testimonial.find({})","timestamp":"2024-01-01T11:20:25.046Z"}
{"level":"error","message":"jwt must be provided","name":"JsonWebTokenError","timestamp":"2024-01-01T11:20:25.053Z"}
{"level":"error","message":"jwt must be provided","name":"JsonWebTokenError","timestamp":"2024-01-01T11:20:54.940Z"}
{"level":"error","message":"jwt must be provided","name":"JsonWebTokenError","timestamp":"2024-01-01T11:20:54.949Z"}
{"level":"error","message":"Query was already executed: testimonial.find({})","timestamp":"2024-01-01T11:20:55.026Z"}
{"level":"error","message":"jwt must be provided","name":"JsonWebTokenError","timestamp":"2024-01-01T11:20:55.051Z"}
{"level":"error","message":"jwt must be provided","name":"JsonWebTokenError","timestamp":"2024-01-01T11:21:25.448Z"}
{"level":"error","message":"jwt must be provided","name":"JsonWebTokenError","timestamp":"2024-01-01T11:21:25.457Z"}
{"level":"error","message":"jwt must be provided","name":"JsonWebTokenError","timestamp":"2024-01-01T11:21:25.463Z"}
{"level":"error","message":"Query was already executed: testimonial.find({})","timestamp":"2024-01-01T11:21:25.495Z"}
{"level":"error","message":"jwt must be provided","name":"JsonWebTokenError","timestamp":"2024-01-01T11:22:21.888Z"}
{"level":"error","message":"jwt must be provided","name":"JsonWebTokenError","timestamp":"2024-01-01T11:22:21.991Z"}
{"level":"error","message":"jwt must be provided","name":"JsonWebTokenError","timestamp":"2024-01-01T11:22:22.000Z"}
{"level":"error","message":"jwt must be provided","name":"JsonWebTokenError","timestamp":"2024-01-01T11:24:12.169Z"}
{"level":"error","message":"jwt must be provided","name":"JsonWebTokenError","timestamp":"2024-01-01T11:24:12.185Z"}
{"level":"error","message":"jwt must be provided","name":"JsonWebTokenError","timestamp":"2024-01-01T11:24:12.193Z"}
{"level":"error","message":"jwt must be provided","name":"JsonWebTokenError","timestamp":"2024-01-01T11:25:23.180Z"}
{"level":"error","message":"jwt must be provided","name":"JsonWebTokenError","timestamp":"2024-01-01T11:25:23.189Z"}
{"level":"error","message":"jwt must be provided","name":"JsonWebTokenError","timestamp":"2024-01-01T11:25:23.198Z"}
{"level":"error","message":"jwt must be provided","name":"JsonWebTokenError","timestamp":"2024-01-01T11:28:45.060Z"}
{"level":"error","message":"jwt must be provided","name":"JsonWebTokenError","timestamp":"2024-01-01T11:28:45.065Z"}
{"level":"error","message":"Testimonial.find(...).toArray is not a function","timestamp":"2024-01-01T11:28:45.123Z"}
{"level":"error","message":"jwt must be provided","name":"JsonWebTokenError","timestamp":"2024-01-01T11:28:45.146Z"}
{"level":"error","message":"jwt must be provided","name":"JsonWebTokenError","timestamp":"2024-01-01T11:29:48.086Z"}
{"level":"error","message":"jwt must be provided","name":"JsonWebTokenError","timestamp":"2024-01-01T11:29:48.094Z"}
{"level":"error","message":"jwt must be provided","name":"JsonWebTokenError","timestamp":"2024-01-01T11:29:48.103Z"}
{"level":"error","message":"Testimonial.find(...).toArray is not a function","timestamp":"2024-01-01T11:29:48.143Z"}
{"level":"error","message":"jwt must be provided","name":"JsonWebTokenError","timestamp":"2024-01-01T11:30:54.241Z"}
{"level":"error","message":"jwt must be provided","name":"JsonWebTokenError","timestamp":"2024-01-01T11:30:54.307Z"}
{"level":"error","message":"jwt must be provided","name":"JsonWebTokenError","timestamp":"2024-01-01T11:30:54.310Z"}
{"level":"error","message":"jwt must be provided","name":"JsonWebTokenError","timestamp":"2024-01-01T11:32:53.702Z"}
{"level":"error","message":"jwt must be provided","name":"JsonWebTokenError","timestamp":"2024-01-01T11:32:53.711Z"}
{"level":"error","message":"jwt must be provided","name":"JsonWebTokenError","timestamp":"2024-01-01T11:32:53.728Z"}
{"level":"error","message":"jwt must be provided","name":"JsonWebTokenError","timestamp":"2024-01-01T11:34:02.863Z"}
{"level":"error","message":"jwt must be provided","name":"JsonWebTokenError","timestamp":"2024-01-01T11:34:02.875Z"}
{"level":"error","message":"jwt must be provided","name":"JsonWebTokenError","timestamp":"2024-01-01T11:34:02.878Z"}
{"level":"error","message":"jwt must be provided","name":"JsonWebTokenError","timestamp":"2024-01-01T11:34:06.165Z"}
{"level":"error","message":"jwt must be provided","name":"JsonWebTokenError","timestamp":"2024-01-01T11:34:06.179Z"}
{"level":"error","message":"jwt must be provided","name":"JsonWebTokenError","timestamp":"2024-01-01T11:34:06.188Z"}
{"level":"error","message":"jwt must be provided","name":"JsonWebTokenError","timestamp":"2024-01-01T11:34:39.065Z"}
{"level":"error","message":"jwt must be provided","name":"JsonWebTokenError","timestamp":"2024-01-01T11:34:39.067Z"}
{"level":"error","message":"jwt must be provided","name":"JsonWebTokenError","timestamp":"2024-01-01T11:34:39.080Z"}
{"level":"error","message":"jwt must be provided","name":"JsonWebTokenError","timestamp":"2024-01-01T11:34:46.975Z"}
{"level":"error","message":"jwt must be provided","name":"JsonWebTokenError","timestamp":"2024-01-01T11:34:46.983Z"}
{"level":"error","message":"jwt must be provided","name":"JsonWebTokenError","timestamp":"2024-01-01T11:34:46.986Z"}
{"level":"error","message":"jwt must be provided","name":"JsonWebTokenError","timestamp":"2024-01-01T11:35:12.514Z"}
{"level":"error","message":"jwt must be provided","name":"JsonWebTokenError","timestamp":"2024-01-01T11:35:12.519Z"}
{"level":"error","message":"jwt must be provided","name":"JsonWebTokenError","timestamp":"2024-01-01T11:35:12.533Z"}
{"level":"error","message":"jwt must be provided","name":"JsonWebTokenError","timestamp":"2024-01-02T04:05:44.373Z"}
{"level":"error","message":"jwt must be provided","name":"JsonWebTokenError","timestamp":"2024-01-02T04:05:44.377Z"}
{"level":"error","message":"jwt must be provided","name":"JsonWebTokenError","timestamp":"2024-01-02T04:05:44.389Z"}
{"level":"error","message":"jwt must be provided","name":"JsonWebTokenError","timestamp":"2024-01-02T04:05:48.319Z"}
{"level":"error","message":"jwt must be provided","name":"JsonWebTokenError","timestamp":"2024-01-02T04:05:48.327Z"}
{"level":"error","message":"jwt must be provided","name":"JsonWebTokenError","timestamp":"2024-01-02T04:05:48.329Z"}
{"level":"error","timestamp":"2024-01-02T05:12:59.394Z"}
{"level":"error","timestamp":"2024-01-02T05:12:59.400Z"}
{"level":"error","timestamp":"2024-01-02T05:12:59.406Z"}
{"level":"error","timestamp":"2024-01-02T05:12:59.461Z"}
{"level":"error","timestamp":"2024-01-02T05:12:59.462Z"}
{"level":"error","timestamp":"2024-01-02T05:12:59.515Z"}
{"level":"error","message":"Cannot read properties of null (reading 'price')","timestamp":"2024-01-02T05:21:50.150Z"}
{"level":"error","message":"Cannot read properties of null (reading 'price')","timestamp":"2024-01-02T05:27:11.285Z"}
{"level":"error","message":"expire_at is not defined","timestamp":"2024-01-02T06:15:42.103Z"}
{"level":"error","message":"expire_at is not defined","timestamp":"2024-01-02T06:16:33.008Z"}
{"level":"error","message":"expire_at is not defined","timestamp":"2024-01-02T06:17:46.398Z"}
{"level":"error","message":"expire_at is not defined","timestamp":"2024-01-02T06:19:45.788Z"}
{"level":"error","message":"expire_at is not defined","timestamp":"2024-01-02T06:39:18.084Z"}
{"level":"error","message":"expire_at is not defined","timestamp":"2024-01-02T06:40:46.097Z"}
{"level":"error","message":"datattta is not defined","timestamp":"2024-01-02T06:46:12.671Z"}
{"level":"error","message":"invalid signature","name":"JsonWebTokenError","timestamp":"2024-01-02T07:54:18.121Z"}
{"level":"error","timestamp":"2024-01-03T06:53:34.645Z"}
{"level":"error","timestamp":"2024-01-03T06:53:34.658Z"}
{"level":"error","timestamp":"2024-01-03T06:53:34.720Z"}
{"level":"error","timestamp":"2024-01-03T06:53:40.362Z"}
{"level":"error","timestamp":"2024-01-03T06:53:40.417Z"}
{"level":"error","timestamp":"2024-01-03T06:53:40.468Z"}
{"level":"error","timestamp":"2024-01-03T06:53:55.031Z"}
{"level":"error","timestamp":"2024-01-03T06:53:55.039Z"}
{"level":"error","timestamp":"2024-01-03T06:53:55.093Z"}
{"level":"error","timestamp":"2024-01-03T06:55:42.021Z"}
{"level":"error","timestamp":"2024-01-03T06:55:42.025Z"}
{"level":"error","timestamp":"2024-01-03T06:55:42.083Z"}
{"level":"error","timestamp":"2024-01-03T06:56:07.570Z"}
{"level":"error","timestamp":"2024-01-03T06:56:07.616Z"}
{"level":"error","timestamp":"2024-01-03T06:56:22.570Z"}
{"level":"error","timestamp":"2024-01-03T06:56:22.572Z"}
{"level":"error","timestamp":"2024-01-03T06:56:22.622Z"}
{"level":"error","timestamp":"2024-01-03T07:01:51.987Z"}
{"level":"error","timestamp":"2024-01-03T07:01:52.030Z"}
{"level":"error","timestamp":"2024-01-03T07:01:52.077Z"}
{"level":"error","timestamp":"2024-01-03T07:01:53.965Z"}
{"level":"error","timestamp":"2024-01-03T07:01:53.976Z"}
{"level":"error","timestamp":"2024-01-03T07:01:54.012Z"}
{"level":"error","timestamp":"2024-01-03T07:04:51.609Z"}
{"level":"error","timestamp":"2024-01-03T07:04:51.623Z"}
{"level":"error","timestamp":"2024-01-03T07:04:51.690Z"}
{"level":"error","timestamp":"2024-01-03T07:05:25.417Z"}
{"level":"error","timestamp":"2024-01-03T07:05:25.461Z"}
{"level":"error","timestamp":"2024-01-03T07:06:04.034Z"}
{"level":"error","timestamp":"2024-01-03T07:06:04.049Z"}
{"level":"error","timestamp":"2024-01-03T07:06:04.113Z"}
{"level":"error","timestamp":"2024-01-03T07:23:15.349Z"}
{"level":"error","timestamp":"2024-01-03T07:23:15.359Z"}
{"level":"error","timestamp":"2024-01-03T07:23:15.397Z"}
{"level":"error","timestamp":"2024-01-03T07:23:17.108Z"}
{"level":"error","timestamp":"2024-01-03T07:23:17.161Z"}
{"level":"error","timestamp":"2024-01-03T07:23:18.005Z"}
{"level":"error","timestamp":"2024-01-03T07:23:18.014Z"}
{"level":"error","timestamp":"2024-01-03T07:23:18.081Z"}
{"level":"error","message":"jwt must be provided","name":"JsonWebTokenError","timestamp":"2024-01-03T08:50:52.990Z"}
{"level":"error","message":"jwt must be provided","name":"JsonWebTokenError","timestamp":"2024-01-03T08:50:52.995Z"}
{"level":"error","message":"jwt must be provided","name":"JsonWebTokenError","timestamp":"2024-01-03T08:50:52.998Z"}
{"level":"error","message":"jwt must be provided","name":"JsonWebTokenError","timestamp":"2024-01-03T08:50:55.828Z"}
{"level":"error","message":"jwt must be provided","name":"JsonWebTokenError","timestamp":"2024-01-03T08:50:55.837Z"}
{"level":"error","message":"jwt must be provided","name":"JsonWebTokenError","timestamp":"2024-01-03T08:50:55.841Z"}
{"level":"error","timestamp":"2024-01-03T10:58:38.951Z"}
{"level":"error","timestamp":"2024-01-03T10:58:38.956Z"}
{"level":"error","timestamp":"2024-01-03T10:58:38.960Z"}
{"level":"error","timestamp":"2024-01-03T10:58:38.966Z"}
{"level":"error","timestamp":"2024-01-03T10:58:38.986Z"}
{"level":"error","timestamp":"2024-01-03T10:58:38.988Z"}
{"level":"error","timestamp":"2024-01-03T10:58:39.036Z"}
{"level":"error","timestamp":"2024-01-03T10:58:39.048Z"}
{"level":"error","timestamp":"2024-01-03T10:58:39.094Z"}
{"level":"error","timestamp":"2024-01-03T11:00:28.186Z"}
{"level":"error","timestamp":"2024-01-03T11:00:28.187Z"}
{"level":"error","timestamp":"2024-01-03T11:00:28.191Z"}
{"level":"error","timestamp":"2024-01-03T11:00:28.192Z"}
{"level":"error","timestamp":"2024-01-03T11:00:28.193Z"}
{"level":"error","timestamp":"2024-01-03T11:00:28.194Z"}
{"level":"error","timestamp":"2024-01-03T11:00:28.340Z"}
{"level":"error","timestamp":"2024-01-03T11:00:28.353Z"}
{"level":"error","timestamp":"2024-01-03T11:00:28.396Z"}
{"level":"error","message":"jwt must be provided","name":"JsonWebTokenError","timestamp":"2024-01-04T04:11:00.454Z"}
{"level":"error","message":"jwt must be provided","name":"JsonWebTokenError","timestamp":"2024-01-04T04:11:00.461Z"}
{"level":"error","message":"jwt must be provided","name":"JsonWebTokenError","timestamp":"2024-01-04T04:11:00.466Z"}
{"level":"error","message":"jwt must be provided","name":"JsonWebTokenError","timestamp":"2024-01-04T04:13:42.349Z"}
{"level":"error","message":"jwt must be provided","name":"JsonWebTokenError","timestamp":"2024-01-04T04:33:54.389Z"}
{"level":"error","message":"jwt must be provided","name":"JsonWebTokenError","timestamp":"2024-01-04T04:33:55.393Z"}
{"level":"error","message":"jwt must be provided","name":"JsonWebTokenError","timestamp":"2024-01-04T04:33:55.399Z"}
{"level":"error","message":"jwt must be provided","name":"JsonWebTokenError","timestamp":"2024-01-04T04:33:55.401Z"}
{"level":"error","message":"jwt must be provided","name":"JsonWebTokenError","timestamp":"2024-01-04T04:33:59.382Z"}
{"level":"error","message":"jwt must be provided","name":"JsonWebTokenError","timestamp":"2024-01-04T04:33:59.384Z"}
{"level":"error","message":"jwt must be provided","name":"JsonWebTokenError","timestamp":"2024-01-04T04:33:59.386Z"}
{"level":"error","message":"jwt must be provided","name":"JsonWebTokenError","timestamp":"2024-01-04T04:34:00.371Z"}
{"level":"error","message":"jwt must be provided","name":"JsonWebTokenError","timestamp":"2024-01-04T04:34:06.562Z"}
{"level":"error","message":"jwt must be provided","name":"JsonWebTokenError","timestamp":"2024-01-04T04:34:09.369Z"}
{"level":"error","message":"jwt must be provided","name":"JsonWebTokenError","timestamp":"2024-01-04T04:34:11.403Z"}
{"level":"error","message":"jwt must be provided","name":"JsonWebTokenError","timestamp":"2024-01-04T04:34:11.406Z"}
{"level":"error","message":"jwt must be provided","name":"JsonWebTokenError","timestamp":"2024-01-04T04:34:11.408Z"}
{"level":"error","message":"jwt must be provided","name":"JsonWebTokenError","timestamp":"2024-01-04T04:34:35.221Z"}
{"level":"error","message":"jwt must be provided","name":"JsonWebTokenError","timestamp":"2024-01-04T04:34:35.230Z"}
{"level":"error","message":"jwt must be provided","name":"JsonWebTokenError","timestamp":"2024-01-04T04:34:35.236Z"}
{"level":"error","message":"Cannot read properties of null (reading 'price')","timestamp":"2024-01-04T09:18:17.613Z"}
{"level":"error","message":"Cannot read properties of null (reading 'price')","timestamp":"2024-01-04T09:18:20.534Z"}
{"level":"error","message":"jwt must be provided","name":"JsonWebTokenError","timestamp":"2024-01-04T11:33:19.945Z"}
{"level":"error","message":"jwt must be provided","name":"JsonWebTokenError","timestamp":"2024-01-05T04:42:04.523Z"}
{"level":"error","message":"jwt must be provided","name":"JsonWebTokenError","timestamp":"2024-01-05T04:42:05.170Z"}
{"level":"error","message":"jwt must be provided","name":"JsonWebTokenError","timestamp":"2024-01-05T04:42:05.173Z"}
{"level":"error","message":"jwt must be provided","name":"JsonWebTokenError","timestamp":"2024-01-05T05:21:34.082Z"}
{"level":"error","message":"jwt must be provided","name":"JsonWebTokenError","timestamp":"2024-01-05T05:21:34.085Z"}
{"level":"error","message":"jwt must be provided","name":"JsonWebTokenError","timestamp":"2024-01-05T05:21:34.089Z"}
{"level":"error","message":"jwt must be provided","name":"JsonWebTokenError","timestamp":"2024-01-05T06:04:34.632Z"}
{"level":"error","message":"jwt must be provided","name":"JsonWebTokenError","timestamp":"2024-01-05T06:04:34.673Z"}
{"level":"error","message":"jwt must be provided","name":"JsonWebTokenError","timestamp":"2024-01-05T06:04:34.703Z"}
{"level":"error","message":"jwt must be provided","name":"JsonWebTokenError","timestamp":"2024-01-05T06:04:54.978Z"}
{"level":"error","message":"jwt must be provided","name":"JsonWebTokenError","timestamp":"2024-01-05T06:04:54.983Z"}
{"level":"error","message":"jwt must be provided","name":"JsonWebTokenError","timestamp":"2024-01-05T06:04:55.004Z"}
{"level":"error","timestamp":"2024-01-05T06:14:27.020Z"}
{"level":"error","timestamp":"2024-01-05T06:14:27.032Z"}
{"level":"error","timestamp":"2024-01-05T06:14:27.123Z"}
{"level":"error","timestamp":"2024-01-05T06:14:27.132Z"}
{"level":"error","timestamp":"2024-01-05T06:14:27.140Z"}
{"level":"error","timestamp":"2024-01-05T06:14:27.143Z"}
{"level":"error","timestamp":"2024-01-05T06:14:27.236Z"}
{"level":"error","timestamp":"2024-01-05T06:14:27.268Z"}
{"level":"error","timestamp":"2024-01-05T06:14:27.363Z"}
{"level":"error","timestamp":"2024-01-05T06:15:17.683Z"}
{"level":"error","timestamp":"2024-01-05T06:15:17.821Z"}
{"level":"error","timestamp":"2024-01-05T06:15:17.883Z"}
{"level":"error","timestamp":"2024-01-05T06:15:20.354Z"}
{"level":"error","timestamp":"2024-01-05T06:15:20.380Z"}
{"level":"error","timestamp":"2024-01-05T06:15:20.423Z"}
{"level":"error","timestamp":"2024-01-05T06:22:43.910Z"}
{"level":"error","timestamp":"2024-01-05T06:22:44.024Z"}
{"level":"error","timestamp":"2024-01-05T06:22:44.100Z"}
{"level":"error","timestamp":"2024-01-05T06:22:47.217Z"}
{"level":"error","timestamp":"2024-01-05T06:22:47.242Z"}
{"level":"error","timestamp":"2024-01-05T06:22:47.279Z"}
{"level":"error","message":"jwt must be provided","name":"JsonWebTokenError","timestamp":"2024-01-05T06:31:58.308Z"}
{"level":"error","message":"jwt must be provided","name":"JsonWebTokenError","timestamp":"2024-01-05T06:31:58.343Z"}
{"level":"error","message":"jwt must be provided","name":"JsonWebTokenError","timestamp":"2024-01-05T06:31:58.390Z"}
{"level":"error","timestamp":"2024-01-05T06:49:46.394Z"}
{"level":"error","timestamp":"2024-01-05T06:49:46.397Z"}
{"level":"error","timestamp":"2024-01-05T06:49:46.456Z"}
{"level":"error","timestamp":"2024-01-05T06:53:51.318Z"}
{"level":"error","timestamp":"2024-01-05T06:53:51.468Z"}
{"level":"error","timestamp":"2024-01-05T06:53:51.529Z"}
{"level":"error","timestamp":"2024-01-05T06:53:53.059Z"}
{"level":"error","timestamp":"2024-01-05T06:53:53.085Z"}
{"level":"error","timestamp":"2024-01-05T06:53:53.126Z"}
{"level":"error","timestamp":"2024-01-05T06:57:48.004Z"}
{"level":"error","timestamp":"2024-01-05T06:57:48.005Z"}
{"level":"error","timestamp":"2024-01-05T06:57:48.021Z"}
{"level":"error","timestamp":"2024-01-05T06:57:48.027Z"}
{"level":"error","timestamp":"2024-01-05T06:57:48.037Z"}
{"level":"error","timestamp":"2024-01-05T06:57:48.046Z"}
{"level":"error","timestamp":"2024-01-05T06:57:48.112Z"}
{"level":"error","timestamp":"2024-01-05T06:57:48.154Z"}
{"level":"error","timestamp":"2024-01-05T06:57:48.225Z"}
{"level":"error","timestamp":"2024-01-05T06:59:15.065Z"}
{"level":"error","timestamp":"2024-01-05T06:59:15.069Z"}
{"level":"error","timestamp":"2024-01-05T06:59:15.114Z"}
{"level":"error","timestamp":"2024-01-05T07:10:15.319Z"}
{"level":"error","timestamp":"2024-01-05T07:10:15.403Z"}
{"level":"error","timestamp":"2024-01-05T07:10:15.471Z"}
{"level":"error","timestamp":"2024-01-05T07:10:17.728Z"}
{"level":"error","timestamp":"2024-01-05T07:10:17.784Z"}
{"level":"error","timestamp":"2024-01-05T07:10:17.815Z"}
{"level":"error","timestamp":"2024-01-05T07:12:54.876Z"}
{"level":"error","timestamp":"2024-01-05T07:12:54.920Z"}
{"level":"error","timestamp":"2024-01-05T07:12:54.963Z"}
{"level":"error","timestamp":"2024-01-05T07:12:56.424Z"}
{"level":"error","timestamp":"2024-01-05T07:12:56.428Z"}
{"level":"error","timestamp":"2024-01-05T07:12:56.468Z"}
{"level":"error","timestamp":"2024-01-05T07:17:01.284Z"}
{"level":"error","timestamp":"2024-01-05T07:17:01.301Z"}
{"level":"error","timestamp":"2024-01-05T07:17:01.301Z"}
{"level":"error","timestamp":"2024-01-05T07:17:01.323Z"}
{"level":"error","timestamp":"2024-01-05T07:17:01.336Z"}
{"level":"error","timestamp":"2024-01-05T07:17:01.342Z"}
{"level":"error","timestamp":"2024-01-05T07:17:01.472Z"}
{"level":"error","timestamp":"2024-01-05T07:17:01.476Z"}
{"level":"error","timestamp":"2024-01-05T07:17:01.526Z"}
{"level":"error","timestamp":"2024-01-05T07:17:36.690Z"}
{"level":"error","timestamp":"2024-01-05T07:17:36.754Z"}
{"level":"error","timestamp":"2024-01-05T07:17:36.823Z"}
{"level":"error","timestamp":"2024-01-05T07:17:38.366Z"}
{"level":"error","timestamp":"2024-01-05T07:17:38.405Z"}
{"level":"error","timestamp":"2024-01-05T07:17:38.432Z"}
{"level":"error","timestamp":"2024-01-05T07:23:58.055Z"}
{"level":"error","timestamp":"2024-01-05T07:23:58.143Z"}
{"level":"error","timestamp":"2024-01-05T07:23:58.205Z"}
{"level":"error","timestamp":"2024-01-05T07:24:02.863Z"}
{"level":"error","timestamp":"2024-01-05T07:24:02.920Z"}
{"level":"error","timestamp":"2024-01-05T07:24:02.991Z"}
{"level":"error","timestamp":"2024-01-05T07:27:48.780Z"}
{"level":"error","timestamp":"2024-01-05T07:27:48.782Z"}
{"level":"error","timestamp":"2024-01-05T07:27:48.823Z"}
{"level":"error","timestamp":"2024-01-05T07:39:57.478Z"}
{"level":"error","timestamp":"2024-01-05T07:39:57.904Z"}
{"level":"error","timestamp":"2024-01-05T07:39:57.967Z"}
{"level":"error","timestamp":"2024-01-05T07:40:00.221Z"}
{"level":"error","timestamp":"2024-01-05T07:40:00.236Z"}
{"level":"error","timestamp":"2024-01-05T07:40:00.289Z"}
{"level":"error","message":"jwt must be provided","name":"JsonWebTokenError","timestamp":"2024-01-05T07:40:50.047Z"}
{"level":"error","message":"jwt must be provided","name":"JsonWebTokenError","timestamp":"2024-01-05T07:40:50.057Z"}
{"level":"error","message":"jwt must be provided","name":"JsonWebTokenError","timestamp":"2024-01-05T07:40:50.072Z"}
{"level":"error","timestamp":"2024-01-05T07:44:30.198Z"}
{"level":"error","timestamp":"2024-01-05T07:44:30.202Z"}
{"level":"error","timestamp":"2024-01-05T07:44:30.246Z"}
{"level":"error","timestamp":"2024-01-05T07:45:09.196Z"}
{"level":"error","timestamp":"2024-01-05T07:45:09.252Z"}
{"level":"error","timestamp":"2024-01-05T07:45:09.258Z"}
{"level":"error","timestamp":"2024-01-05T07:45:09.298Z"}
{"level":"error","timestamp":"2024-01-05T07:45:30.713Z"}
{"level":"error","timestamp":"2024-01-05T07:45:30.714Z"}
{"level":"error","timestamp":"2024-01-05T07:45:30.726Z"}
{"level":"error","timestamp":"2024-01-05T07:45:30.729Z"}
{"level":"error","timestamp":"2024-01-05T07:45:30.731Z"}
{"level":"error","timestamp":"2024-01-05T07:45:30.816Z"}
{"level":"error","timestamp":"2024-01-05T07:45:30.876Z"}
{"level":"error","timestamp":"2024-01-05T07:45:30.895Z"}
{"level":"error","timestamp":"2024-01-05T07:45:30.964Z"}
{"level":"error","timestamp":"2024-01-05T08:36:57.368Z"}
{"level":"error","timestamp":"2024-01-05T08:36:57.461Z"}
{"level":"error","timestamp":"2024-01-05T08:36:57.542Z"}
{"level":"error","timestamp":"2024-01-05T08:36:59.323Z"}
{"level":"error","timestamp":"2024-01-05T08:36:59.377Z"}
{"level":"error","timestamp":"2024-01-05T08:36:59.390Z"}
{"level":"error","timestamp":"2024-01-05T08:37:39.832Z"}
{"level":"error","timestamp":"2024-01-05T08:37:39.902Z"}
{"level":"error","timestamp":"2024-01-05T08:37:39.939Z"}
{"level":"error","timestamp":"2024-01-05T08:37:39.963Z"}
{"level":"error","timestamp":"2024-01-05T08:39:13.612Z"}
{"level":"error","timestamp":"2024-01-05T08:39:13.683Z"}
{"level":"error","timestamp":"2024-01-05T08:39:13.742Z"}
{"level":"error","timestamp":"2024-01-05T08:39:18.305Z"}
{"level":"error","timestamp":"2024-01-05T08:39:18.343Z"}
{"level":"error","timestamp":"2024-01-05T08:39:18.376Z"}
{"level":"error","message":"jwt must be provided","name":"JsonWebTokenError","timestamp":"2024-01-05T08:44:04.847Z"}
{"level":"error","message":"jwt must be provided","name":"JsonWebTokenError","timestamp":"2024-01-05T08:44:04.873Z"}
{"level":"error","message":"jwt must be provided","name":"JsonWebTokenError","timestamp":"2024-01-05T08:44:04.898Z"}
{"level":"error","timestamp":"2024-01-05T08:47:28.783Z"}
{"level":"error","timestamp":"2024-01-05T08:47:28.895Z"}
{"level":"error","timestamp":"2024-01-05T08:47:28.959Z"}
{"level":"error","timestamp":"2024-01-05T08:47:30.586Z"}
{"level":"error","timestamp":"2024-01-05T08:47:30.616Z"}
{"level":"error","timestamp":"2024-01-05T08:47:30.653Z"}
{"level":"error","message":"jwt must be provided","name":"JsonWebTokenError","timestamp":"2024-01-05T08:51:39.735Z"}
{"level":"error","message":"jwt must be provided","name":"JsonWebTokenError","timestamp":"2024-01-05T08:51:39.774Z"}
{"level":"error","message":"jwt must be provided","name":"JsonWebTokenError","timestamp":"2024-01-05T08:51:39.800Z"}
{"level":"error","message":"jwt must be provided","name":"JsonWebTokenError","timestamp":"2024-01-05T09:15:50.583Z"}
{"level":"error","message":"jwt must be provided","name":"JsonWebTokenError","timestamp":"2024-01-05T09:15:50.586Z"}
{"level":"error","message":"jwt must be provided","name":"JsonWebTokenError","timestamp":"2024-01-05T09:15:50.664Z"}
{"level":"error","message":"jwt must be provided","name":"JsonWebTokenError","timestamp":"2024-01-05T09:17:55.326Z"}
{"level":"error","message":"jwt must be provided","name":"JsonWebTokenError","timestamp":"2024-01-05T09:17:55.337Z"}
{"level":"error","message":"jwt must be provided","name":"JsonWebTokenError","timestamp":"2024-01-05T09:17:55.364Z"}
{"level":"error","message":"jwt must be provided","name":"JsonWebTokenError","timestamp":"2024-01-05T09:20:01.480Z"}
{"level":"error","message":"jwt must be provided","name":"JsonWebTokenError","timestamp":"2024-01-05T09:20:02.519Z"}
{"level":"error","message":"jwt must be provided","name":"JsonWebTokenError","timestamp":"2024-01-05T09:20:05.639Z"}
{"level":"error","message":"jwt must be provided","name":"JsonWebTokenError","timestamp":"2024-01-05T09:20:17.522Z"}
{"level":"error","message":"jwt must be provided","name":"JsonWebTokenError","timestamp":"2024-01-05T09:20:17.652Z"}
{"level":"error","message":"jwt must be provided","name":"JsonWebTokenError","timestamp":"2024-01-05T09:20:17.774Z"}
{"level":"error","timestamp":"2024-01-05T11:11:04.393Z"}
{"level":"error","timestamp":"2024-01-05T11:11:04.396Z"}
{"level":"error","timestamp":"2024-01-05T11:11:04.438Z"}
{"level":"error","timestamp":"2024-01-05T11:11:11.301Z"}
{"level":"error","timestamp":"2024-01-05T11:11:19.620Z"}
{"level":"error","timestamp":"2024-01-05T11:11:19.622Z"}
{"level":"error","timestamp":"2024-01-05T11:11:19.669Z"}
{"level":"error","timestamp":"2024-01-05T11:11:19.710Z"}
{"level":"error","timestamp":"2024-01-05T11:11:19.750Z"}
{"level":"error","timestamp":"2024-01-05T11:11:21.313Z"}
{"level":"error","timestamp":"2024-01-05T11:11:21.315Z"}
{"level":"error","timestamp":"2024-01-05T11:11:21.356Z"}
{"level":"error","timestamp":"2024-01-05T11:43:57.642Z"}
{"level":"error","timestamp":"2024-01-05T11:43:57.684Z"}
{"level":"error","timestamp":"2024-01-05T11:43:57.728Z"}
{"level":"error","message":"jwt must be provided","name":"JsonWebTokenError","timestamp":"2024-01-06T03:53:56.534Z"}
{"level":"error","message":"jwt must be provided","name":"JsonWebTokenError","timestamp":"2024-01-06T03:53:56.544Z"}
{"level":"error","message":"jwt must be provided","name":"JsonWebTokenError","timestamp":"2024-01-06T03:53:56.564Z"}
{"level":"error","message":"jwt must be provided","name":"JsonWebTokenError","timestamp":"2024-01-06T03:54:42.673Z"}
{"level":"error","message":"jwt must be provided","name":"JsonWebTokenError","timestamp":"2024-01-06T03:54:42.860Z"}
{"level":"error","message":"jwt must be provided","name":"JsonWebTokenError","timestamp":"2024-01-06T03:54:42.895Z"}
{"level":"error","message":"jwt must be provided","name":"JsonWebTokenError","timestamp":"2024-01-06T03:54:45.720Z"}
{"level":"error","message":"jwt must be provided","name":"JsonWebTokenError","timestamp":"2024-01-06T03:54:45.834Z"}
{"level":"error","message":"jwt must be provided","name":"JsonWebTokenError","timestamp":"2024-01-06T03:54:45.856Z"}
{"level":"error","message":"jwt must be provided","name":"JsonWebTokenError","timestamp":"2024-01-06T04:14:25.374Z"}
{"level":"error","message":"jwt must be provided","name":"JsonWebTokenError","timestamp":"2024-01-06T04:14:27.414Z"}
{"level":"error","message":"jwt must be provided","name":"JsonWebTokenError","timestamp":"2024-01-06T04:14:28.378Z"}
{"level":"error","message":"jwt must be provided","name":"JsonWebTokenError","timestamp":"2024-01-06T04:14:38.935Z"}
{"level":"error","message":"jwt must be provided","name":"JsonWebTokenError","timestamp":"2024-01-06T04:14:39.197Z"}
{"level":"error","message":"jwt must be provided","name":"JsonWebTokenError","timestamp":"2024-01-06T04:14:40.130Z"}
{"level":"error","message":"jwt must be provided","name":"JsonWebTokenError","timestamp":"2024-01-06T04:19:00.408Z"}
{"level":"error","message":"jwt must be provided","name":"JsonWebTokenError","timestamp":"2024-01-06T04:19:00.495Z"}
{"level":"error","message":"jwt must be provided","name":"JsonWebTokenError","timestamp":"2024-01-06T04:19:00.521Z"}
{"level":"error","message":"jwt must be provided","name":"JsonWebTokenError","timestamp":"2024-01-06T04:19:24.300Z"}
{"level":"error","message":"jwt must be provided","name":"JsonWebTokenError","timestamp":"2024-01-06T04:19:25.746Z"}
{"level":"error","message":"jwt must be provided","name":"JsonWebTokenError","timestamp":"2024-01-06T04:19:26.818Z"}
{"level":"error","message":"jwt must be provided","name":"JsonWebTokenError","timestamp":"2024-01-06T04:19:35.606Z"}
{"level":"error","message":"jwt must be provided","name":"JsonWebTokenError","timestamp":"2024-01-06T04:19:36.137Z"}
{"level":"error","message":"jwt must be provided","name":"JsonWebTokenError","timestamp":"2024-01-06T04:19:36.686Z"}
{"level":"error","message":"jwt must be provided","name":"JsonWebTokenError","timestamp":"2024-01-06T05:26:51.554Z"}
{"level":"error","message":"jwt must be provided","name":"JsonWebTokenError","timestamp":"2024-01-06T05:26:51.556Z"}
{"level":"error","message":"jwt must be provided","name":"JsonWebTokenError","timestamp":"2024-01-06T05:26:51.564Z"}
{"level":"error","message":"jwt must be provided","name":"JsonWebTokenError","timestamp":"2024-01-06T05:26:56.746Z"}
{"level":"error","message":"jwt must be provided","name":"JsonWebTokenError","timestamp":"2024-01-06T05:26:56.755Z"}
{"level":"error","message":"jwt must be provided","name":"JsonWebTokenError","timestamp":"2024-01-06T05:26:56.770Z"}
{"level":"error","message":"Cannot read properties of null (reading 'price')","timestamp":"2024-01-06T05:31:53.959Z"}
{"level":"error","message":"Cannot read properties of null (reading 'price')","timestamp":"2024-01-06T05:33:23.635Z"}
{"level":"error","message":"Cannot read properties of null (reading 'price')","timestamp":"2024-01-06T06:34:48.845Z"}
{"level":"error","message":"Cannot read properties of null (reading 'price')","timestamp":"2024-01-06T06:35:54.714Z"}
{"level":"error","message":"Cannot read properties of null (reading 'price')","timestamp":"2024-01-06T06:38:12.851Z"}
{"level":"error","message":"Cannot read properties of null (reading 'price')","timestamp":"2024-01-06T06:38:46.531Z"}
{"level":"error","message":"Cannot read properties of null (reading 'price')","timestamp":"2024-01-06T08:51:21.526Z"}
{"level":"error","message":"Cannot read properties of null (reading 'price')","timestamp":"2024-01-06T08:52:34.234Z"}
{"level":"error","message":"Cannot read properties of null (reading 'price')","timestamp":"2024-01-06T08:52:43.866Z"}
{"level":"error","message":"Cannot read properties of null (reading 'price')","timestamp":"2024-01-06T08:55:49.105Z"}
{"level":"error","message":"Course.findONe is not a function","timestamp":"2024-01-06T09:40:51.722Z"}
{"level":"error","message":"jwt must be provided","name":"JsonWebTokenError","timestamp":"2024-01-06T10:22:48.629Z"}
{"level":"error","message":"jwt must be provided","name":"JsonWebTokenError","timestamp":"2024-01-06T10:22:48.637Z"}
{"level":"error","message":"jwt must be provided","name":"JsonWebTokenError","timestamp":"2024-01-06T10:22:48.647Z"}
{"level":"error","message":"jwt must be provided","name":"JsonWebTokenError","timestamp":"2024-01-06T10:24:00.338Z"}
{"level":"error","message":"jwt must be provided","name":"JsonWebTokenError","timestamp":"2024-01-06T10:24:00.342Z"}
{"level":"error","message":"jwt must be provided","name":"JsonWebTokenError","timestamp":"2024-01-06T10:24:00.345Z"}
{"level":"error","timestamp":"2024-01-09T03:53:39.039Z"}
{"level":"error","timestamp":"2024-01-09T03:53:39.092Z"}
{"level":"error","timestamp":"2024-01-09T03:53:39.164Z"}
{"level":"error","message":"jwt must be provided","name":"JsonWebTokenError","timestamp":"2024-01-09T04:16:03.198Z"}
{"level":"error","message":"jwt must be provided","name":"JsonWebTokenError","timestamp":"2024-01-09T04:16:03.200Z"}
{"level":"error","message":"jwt must be provided","name":"JsonWebTokenError","timestamp":"2024-01-09T04:16:03.204Z"}
{"level":"error","timestamp":"2024-01-09T06:07:04.392Z"}
{"level":"error","timestamp":"2024-01-09T06:07:04.395Z"}
{"level":"error","timestamp":"2024-01-09T06:07:04.403Z"}
{"level":"error","timestamp":"2024-01-09T06:07:04.404Z"}
{"level":"error","timestamp":"2024-01-09T06:07:19.821Z"}
{"level":"error","timestamp":"2024-01-09T06:07:19.830Z"}
{"level":"error","timestamp":"2024-01-09T06:07:19.832Z"}
{"level":"error","timestamp":"2024-01-09T06:07:19.833Z"}
{"level":"error","timestamp":"2024-01-09T06:07:21.213Z"}
{"level":"error","timestamp":"2024-01-09T06:07:21.215Z"}
{"level":"error","timestamp":"2024-01-09T06:07:21.217Z"}
{"level":"error","timestamp":"2024-01-09T06:07:21.219Z"}
{"level":"error","timestamp":"2024-01-09T06:07:21.225Z"}
{"level":"error","timestamp":"2024-01-09T06:07:21.226Z"}
{"level":"error","timestamp":"2024-01-09T06:07:21.380Z"}
{"level":"error","timestamp":"2024-01-09T06:07:21.382Z"}
{"level":"error","timestamp":"2024-01-09T06:07:21.429Z"}
{"level":"error","message":"Cast to ObjectId failed for value \"undefined\" (type string) at path \"_id\" for model \"challenge\"","timestamp":"2024-01-09T06:08:41.756Z"}
{"level":"error","message":"Cast to ObjectId failed for value \"undefined\" (type string) at path \"_id\" for model \"challenge\"","timestamp":"2024-01-09T06:09:17.630Z"}
{"level":"error","timestamp":"2024-01-09T06:10:24.496Z"}
{"level":"error","timestamp":"2024-01-09T06:10:24.500Z"}
{"level":"error","timestamp":"2024-01-09T06:10:24.501Z"}
{"level":"error","timestamp":"2024-01-09T06:10:24.501Z"}
{"level":"error","timestamp":"2024-01-09T06:10:24.603Z"}
{"level":"error","timestamp":"2024-01-09T06:10:24.617Z"}
{"level":"error","timestamp":"2024-01-09T06:10:24.662Z"}
{"level":"error","timestamp":"2024-01-10T04:02:58.501Z"}
{"level":"error","timestamp":"2024-01-10T04:02:58.506Z"}
{"level":"error","timestamp":"2024-01-10T04:02:58.543Z"}
{"level":"error","timestamp":"2024-01-10T04:09:06.387Z"}
{"level":"error","message":"jwt must be provided","name":"JsonWebTokenError","timestamp":"2024-01-10T06:14:02.520Z"}
{"level":"error","message":"jwt must be provided","name":"JsonWebTokenError","timestamp":"2024-01-10T06:14:02.522Z"}
{"level":"error","message":"jwt must be provided","name":"JsonWebTokenError","timestamp":"2024-01-10T06:14:02.529Z"}
{"level":"error","timestamp":"2024-01-10T06:23:55.359Z"}
{"level":"error","timestamp":"2024-01-10T06:23:55.406Z"}
{"level":"error","timestamp":"2024-01-10T06:23:55.422Z"}
{"level":"error","timestamp":"2024-01-10T06:23:57.397Z"}
{"level":"error","timestamp":"2024-01-10T06:23:57.421Z"}
{"level":"error","timestamp":"2024-01-10T06:23:57.430Z"}
{"level":"error","timestamp":"2024-01-10T06:26:28.147Z"}
{"level":"error","timestamp":"2024-01-10T06:26:28.150Z"}
{"level":"error","timestamp":"2024-01-10T06:26:28.151Z"}
{"level":"error","message":"Cannot read properties of null (reading 'price')","timestamp":"2024-01-10T10:31:51.048Z"}
{"level":"error","message":"jwt must be provided","name":"JsonWebTokenError","timestamp":"2024-01-11T04:08:36.417Z"}
{"level":"error","message":"jwt must be provided","name":"JsonWebTokenError","timestamp":"2024-01-11T04:08:36.423Z"}
{"level":"error","message":"jwt must be provided","name":"JsonWebTokenError","timestamp":"2024-01-11T04:08:36.429Z"}
{"level":"error","message":"jwt must be provided","name":"JsonWebTokenError","timestamp":"2024-01-11T04:09:58.904Z"}
{"level":"error","message":"jwt must be provided","name":"JsonWebTokenError","timestamp":"2024-01-11T04:09:58.907Z"}
{"level":"error","message":"jwt must be provided","name":"JsonWebTokenError","timestamp":"2024-01-11T04:09:58.910Z"}
{"level":"error","message":"Cannot read properties of null (reading 'planid')","timestamp":"2024-01-11T10:24:56.264Z"}
{"level":"error","message":"Cannot read properties of null (reading 'planid')","timestamp":"2024-01-11T10:27:13.850Z"}
{"level":"error","message":"Cannot read properties of null (reading 'planid')","timestamp":"2024-01-11T10:28:13.433Z"}
{"level":"error","message":"Query was already executed: courseSubscribe.findOneAndDelete({ payment_id: 'pay_NNGbd7kX...","timestamp":"2024-01-11T11:17:16.149Z"}
{"level":"error","message":"Cannot read properties of null (reading 'planid')","timestamp":"2024-01-11T11:17:37.232Z"}
{"level":"error","message":"Query was already executed: courseSubscribe.deleteOne({ payment_id: 'pay_NNGbd7kXfuQ4Pn'...","timestamp":"2024-01-11T11:19:17.157Z"}
{"level":"error","message":"jwt must be provided","name":"JsonWebTokenError","timestamp":"2024-01-17T07:10:57.423Z"}
{"level":"error","message":"jwt must be provided","name":"JsonWebTokenError","timestamp":"2024-01-17T07:10:57.428Z"}
{"level":"error","message":"jwt must be provided","name":"JsonWebTokenError","timestamp":"2024-01-17T07:10:57.445Z"}
{"level":"error","message":"jwt must be provided","name":"JsonWebTokenError","timestamp":"2024-01-17T07:10:59.645Z"}
{"level":"error","message":"jwt must be provided","name":"JsonWebTokenError","timestamp":"2024-01-17T07:10:59.648Z"}
{"level":"error","message":"jwt must be provided","name":"JsonWebTokenError","timestamp":"2024-01-17T07:11:27.363Z"}
{"level":"error","message":"jwt must be provided","name":"JsonWebTokenError","timestamp":"2024-01-17T07:11:27.366Z"}
{"level":"error","message":"jwt must be provided","name":"JsonWebTokenError","timestamp":"2024-01-17T07:11:39.442Z"}
{"level":"error","message":"jwt must be provided","name":"JsonWebTokenError","timestamp":"2024-01-17T07:11:39.447Z"}
{"level":"error","message":"jwt must be provided","name":"JsonWebTokenError","timestamp":"2024-01-17T07:11:44.517Z"}
{"level":"error","message":"jwt must be provided","name":"JsonWebTokenError","timestamp":"2024-01-17T07:11:44.522Z"}
{"level":"error","message":"jwt must be provided","name":"JsonWebTokenError","timestamp":"2024-01-17T07:13:18.296Z"}
{"level":"error","message":"jwt must be provided","name":"JsonWebTokenError","timestamp":"2024-01-17T07:13:18.301Z"}
{"level":"error","message":"jwt must be provided","name":"JsonWebTokenError","timestamp":"2024-01-17T07:13:18.318Z"}
{"level":"error","message":"jwt must be provided","name":"JsonWebTokenError","timestamp":"2024-01-17T07:20:02.100Z"}
{"level":"error","message":"jwt must be provided","name":"JsonWebTokenError","timestamp":"2024-01-17T07:20:02.106Z"}
{"level":"error","message":"jwt must be provided","name":"JsonWebTokenError","timestamp":"2024-01-17T07:20:02.111Z"}
{"level":"error","message":"jwt must be provided","name":"JsonWebTokenError","timestamp":"2024-01-17T07:20:03.534Z"}
{"level":"error","message":"jwt must be provided","name":"JsonWebTokenError","timestamp":"2024-01-17T07:20:03.543Z"}
{"level":"error","message":"jwt must be provided","name":"JsonWebTokenError","timestamp":"2024-01-17T07:20:05.704Z"}
{"level":"error","message":"jwt must be provided","name":"JsonWebTokenError","timestamp":"2024-01-17T07:20:05.709Z"}
{"level":"error","message":"jwt must be provided","name":"JsonWebTokenError","timestamp":"2024-01-17T07:20:13.648Z"}
{"level":"error","message":"jwt must be provided","name":"JsonWebTokenError","timestamp":"2024-01-17T07:20:52.827Z"}
{"level":"error","message":"jwt must be provided","name":"JsonWebTokenError","timestamp":"2024-01-17T07:20:52.830Z"}
{"level":"error","message":"jwt must be provided","name":"JsonWebTokenError","timestamp":"2024-01-19T04:26:20.186Z"}
{"level":"error","message":"jwt must be provided","name":"JsonWebTokenError","timestamp":"2024-01-19T04:26:20.205Z"}
{"level":"error","message":"jwt must be provided","name":"JsonWebTokenError","timestamp":"2024-01-19T04:26:20.206Z"}
{"level":"error","message":"jwt must be provided","name":"JsonWebTokenError","timestamp":"2024-01-19T04:26:52.634Z"}
{"level":"error","message":"jwt must be provided","name":"JsonWebTokenError","timestamp":"2024-01-19T04:26:52.636Z"}
{"level":"error","message":"jwt must be provided","name":"JsonWebTokenError","timestamp":"2024-01-19T04:26:52.641Z"}
{"level":"error","message":"Cannot read properties of null (reading 'price')","timestamp":"2024-01-19T09:53:33.903Z"}
{"level":"error","message":"Cannot read properties of null (reading 'price')","timestamp":"2024-01-19T09:53:53.275Z"}
{"level":"error","message":"Cannot read properties of null (reading 'price')","timestamp":"2024-01-19T09:54:38.076Z"}
{"level":"error","message":"Cannot read properties of null (reading 'price')","timestamp":"2024-01-19T09:55:34.483Z"}
{"level":"error","message":"Cannot read properties of null (reading 'price')","timestamp":"2024-01-19T10:07:12.039Z"}
{"level":"error","timestamp":"2024-01-19T11:03:12.545Z"}
{"level":"error","timestamp":"2024-01-19T11:03:12.551Z"}
{"level":"error","timestamp":"2024-01-19T11:03:12.556Z"}
{"level":"error","timestamp":"2024-01-19T11:03:12.557Z"}
{"level":"error","timestamp":"2024-01-19T11:03:12.802Z"}
{"level":"error","timestamp":"2024-01-19T11:03:12.804Z"}
{"level":"error","timestamp":"2024-01-19T11:03:12.851Z"}
{"level":"error","message":"jwt must be provided","name":"JsonWebTokenError","timestamp":"2024-01-20T04:08:19.786Z"}
{"level":"error","message":"jwt must be provided","name":"JsonWebTokenError","timestamp":"2024-01-20T04:08:19.788Z"}
{"level":"error","message":"jwt must be provided","name":"JsonWebTokenError","timestamp":"2024-01-20T04:08:19.791Z"}
{"level":"error","timestamp":"2024-01-20T05:43:29.392Z"}
{"level":"error","timestamp":"2024-01-20T05:43:29.394Z"}
{"level":"error","timestamp":"2024-01-20T05:43:29.403Z"}
{"level":"error","timestamp":"2024-01-20T05:43:29.404Z"}
{"level":"error","timestamp":"2024-01-20T05:43:29.666Z"}
{"level":"error","timestamp":"2024-01-20T05:43:29.687Z"}
{"level":"error","timestamp":"2024-01-20T05:43:29.727Z"}
{"level":"error","timestamp":"2024-01-20T05:43:40.754Z"}
{"level":"error","timestamp":"2024-01-20T05:43:40.757Z"}
{"level":"error","timestamp":"2024-01-20T05:43:40.807Z"}
{"level":"error","timestamp":"2024-01-20T05:43:44.473Z"}
{"level":"error","timestamp":"2024-01-20T05:43:44.517Z"}
{"level":"error","timestamp":"2024-01-20T05:43:51.828Z"}
{"level":"error","timestamp":"2024-01-20T05:43:51.845Z"}
{"level":"error","timestamp":"2024-01-20T05:43:51.855Z"}
{"level":"error","timestamp":"2024-01-20T05:43:51.860Z"}
{"level":"error","timestamp":"2024-01-20T05:43:51.892Z"}
{"level":"error","timestamp":"2024-01-20T05:43:51.951Z"}
{"level":"error","timestamp":"2024-01-20T05:43:51.952Z"}
{"level":"error","timestamp":"2024-01-20T05:43:51.999Z"}
{"level":"error","timestamp":"2024-01-20T05:44:05.001Z"}
{"level":"error","timestamp":"2024-01-20T05:44:05.048Z"}
{"level":"error","timestamp":"2024-01-20T05:44:05.092Z"}
{"level":"error","timestamp":"2024-01-20T05:45:59.105Z"}
{"level":"error","timestamp":"2024-01-20T05:46:26.596Z"}
{"level":"error","timestamp":"2024-01-20T05:46:26.657Z"}
{"level":"error","timestamp":"2024-01-20T05:46:26.701Z"}
{"level":"error","timestamp":"2024-01-20T06:34:30.996Z"}
{"level":"error","timestamp":"2024-01-20T06:34:31.138Z"}
{"level":"error","timestamp":"2024-01-20T06:34:31.183Z"}
{"level":"error","timestamp":"2024-01-20T06:34:31.696Z"}
{"level":"error","timestamp":"2024-01-20T06:34:31.719Z"}
{"level":"error","timestamp":"2024-01-20T06:34:31.740Z"}
{"level":"error","message":"jwt must be provided","name":"JsonWebTokenError","timestamp":"2024-01-20T06:45:45.060Z"}
{"level":"error","message":"jwt must be provided","name":"JsonWebTokenError","timestamp":"2024-01-20T06:45:45.063Z"}
{"level":"error","message":"jwt must be provided","name":"JsonWebTokenError","timestamp":"2024-01-20T06:45:45.071Z"}
{"level":"error","message":"jwt must be provided","name":"JsonWebTokenError","timestamp":"2024-01-20T06:45:46.642Z"}
{"level":"error","message":"jwt must be provided","name":"JsonWebTokenError","timestamp":"2024-01-20T06:45:46.649Z"}
{"level":"error","message":"jwt must be provided","name":"JsonWebTokenError","timestamp":"2024-01-20T06:45:54.737Z"}
{"level":"error","message":"jwt must be provided","name":"JsonWebTokenError","timestamp":"2024-01-20T06:45:54.741Z"}
{"level":"error","message":"jwt must be provided","name":"JsonWebTokenError","timestamp":"2024-01-20T06:45:54.746Z"}
{"level":"error","message":"jwt must be provided","name":"JsonWebTokenError","timestamp":"2024-01-20T06:50:42.072Z"}
{"level":"error","message":"jwt must be provided","name":"JsonWebTokenError","timestamp":"2024-01-20T06:50:42.086Z"}
{"level":"error","message":"jwt must be provided","name":"JsonWebTokenError","timestamp":"2024-01-20T06:50:42.093Z"}
{"level":"error","message":"jwt must be provided","name":"JsonWebTokenError","timestamp":"2024-01-20T16:08:29.602Z"}
{"level":"error","message":"jwt must be provided","name":"JsonWebTokenError","timestamp":"2024-01-20T16:08:29.604Z"}
{"level":"error","message":"jwt must be provided","name":"JsonWebTokenError","timestamp":"2024-01-20T16:08:29.606Z"}
{"level":"error","message":"jwt must be provided","name":"JsonWebTokenError","timestamp":"2024-01-20T16:15:24.286Z"}
{"level":"error","message":"jwt must be provided","name":"JsonWebTokenError","timestamp":"2024-01-20T16:15:24.291Z"}
{"level":"error","message":"jwt must be provided","name":"JsonWebTokenError","timestamp":"2024-01-20T16:15:24.309Z"}
{"level":"error","message":"jwt must be provided","name":"JsonWebTokenError","timestamp":"2024-01-20T16:17:17.500Z"}
{"level":"error","message":"jwt must be provided","name":"JsonWebTokenError","timestamp":"2024-01-20T16:17:17.503Z"}
{"level":"error","message":"jwt must be provided","name":"JsonWebTokenError","timestamp":"2024-01-20T16:17:17.505Z"}
{"level":"error","message":"jwt must be provided","name":"JsonWebTokenError","timestamp":"2024-01-20T16:21:10.700Z"}
{"level":"error","message":"jwt must be provided","name":"JsonWebTokenError","timestamp":"2024-01-20T16:21:10.701Z"}
{"level":"error","message":"jwt must be provided","name":"JsonWebTokenError","timestamp":"2024-01-20T16:21:10.709Z"}
{"level":"error","message":"jwt must be provided","name":"JsonWebTokenError","timestamp":"2024-01-20T16:22:57.396Z"}
{"level":"error","message":"jwt must be provided","name":"JsonWebTokenError","timestamp":"2024-01-20T16:22:57.398Z"}
{"level":"error","message":"jwt must be provided","name":"JsonWebTokenError","timestamp":"2024-01-20T16:22:57.400Z"}
{"level":"error","message":"jwt must be provided","name":"JsonWebTokenError","timestamp":"2024-01-20T16:31:57.891Z"}
{"level":"error","message":"jwt must be provided","name":"JsonWebTokenError","timestamp":"2024-01-20T16:31:57.895Z"}
{"level":"error","message":"jwt must be provided","name":"JsonWebTokenError","timestamp":"2024-01-20T16:31:57.896Z"}
{"level":"error","message":"jwt must be provided","name":"JsonWebTokenError","timestamp":"2024-01-20T16:33:36.425Z"}
{"level":"error","message":"jwt must be provided","name":"JsonWebTokenError","timestamp":"2024-01-20T16:33:36.427Z"}
{"level":"error","message":"jwt must be provided","name":"JsonWebTokenError","timestamp":"2024-01-20T16:33:36.431Z"}
{"level":"error","timestamp":"2024-01-20T16:33:37.399Z"}
{"level":"error","timestamp":"2024-01-20T16:33:38.081Z"}
{"level":"error","message":"jwt must be provided","name":"JsonWebTokenError","timestamp":"2024-01-20T16:37:03.220Z"}
{"level":"error","message":"jwt must be provided","name":"JsonWebTokenError","timestamp":"2024-01-20T16:37:03.221Z"}
{"level":"error","message":"jwt must be provided","name":"JsonWebTokenError","timestamp":"2024-01-20T16:37:03.223Z"}
{"level":"error","message":"jwt must be provided","name":"JsonWebTokenError","timestamp":"2024-01-20T16:37:04.735Z"}
{"level":"error","message":"jwt must be provided","name":"JsonWebTokenError","timestamp":"2024-01-20T16:37:04.756Z"}
{"level":"error","message":"jwt must be provided","name":"JsonWebTokenError","timestamp":"2024-01-20T16:37:04.762Z"}
{"level":"error","message":"jwt must be provided","name":"JsonWebTokenError","timestamp":"2024-01-20T16:38:38.613Z"}
{"level":"error","message":"jwt must be provided","name":"JsonWebTokenError","timestamp":"2024-01-20T16:38:38.614Z"}
{"level":"error","message":"jwt must be provided","name":"JsonWebTokenError","timestamp":"2024-01-20T16:38:38.616Z"}
{"level":"error","message":"jwt must be provided","name":"JsonWebTokenError","timestamp":"2024-01-20T16:45:37.649Z"}
{"level":"error","message":"jwt must be provided","name":"JsonWebTokenError","timestamp":"2024-01-20T16:45:37.650Z"}
{"level":"error","message":"jwt must be provided","name":"JsonWebTokenError","timestamp":"2024-01-20T16:45:37.652Z"}
{"level":"error","message":"jwt must be provided","name":"JsonWebTokenError","timestamp":"2024-01-20T16:53:03.734Z"}
{"level":"error","message":"jwt must be provided","name":"JsonWebTokenError","timestamp":"2024-01-20T16:53:03.755Z"}
{"level":"error","message":"jwt must be provided","name":"JsonWebTokenError","timestamp":"2024-01-20T16:53:03.760Z"}
{"level":"error","message":"jwt must be provided","name":"JsonWebTokenError","timestamp":"2024-01-20T17:14:11.975Z"}
{"level":"error","message":"jwt must be provided","name":"JsonWebTokenError","timestamp":"2024-01-20T17:14:11.977Z"}
{"level":"error","message":"jwt must be provided","name":"JsonWebTokenError","timestamp":"2024-01-20T17:14:11.979Z"}
{"level":"error","message":"jwt must be provided","name":"JsonWebTokenError","timestamp":"2024-01-20T17:14:13.462Z"}
{"level":"error","message":"jwt must be provided","name":"JsonWebTokenError","timestamp":"2024-01-20T17:14:13.464Z"}
{"level":"error","message":"jwt must be provided","name":"JsonWebTokenError","timestamp":"2024-01-20T17:14:16.038Z"}
{"level":"error","message":"jwt must be provided","name":"JsonWebTokenError","timestamp":"2024-01-20T17:14:16.041Z"}
{"level":"error","message":"jwt must be provided","name":"JsonWebTokenError","timestamp":"2024-01-20T17:14:16.043Z"}
{"level":"error","message":"jwt must be provided","name":"JsonWebTokenError","timestamp":"2024-01-20T17:15:27.707Z"}
{"level":"error","message":"jwt must be provided","name":"JsonWebTokenError","timestamp":"2024-01-20T17:15:27.713Z"}
{"level":"error","message":"jwt must be provided","name":"JsonWebTokenError","timestamp":"2024-01-20T17:15:27.716Z"}
{"level":"error","message":"jwt must be provided","name":"JsonWebTokenError","timestamp":"2024-01-20T17:16:27.813Z"}
{"level":"error","message":"jwt must be provided","name":"JsonWebTokenError","timestamp":"2024-01-20T17:16:27.819Z"}
{"level":"error","message":"jwt must be provided","name":"JsonWebTokenError","timestamp":"2024-01-20T17:16:27.866Z"}
{"level":"error","message":"jwt must be provided","name":"JsonWebTokenError","timestamp":"2024-01-20T17:16:34.292Z"}
{"level":"error","message":"jwt must be provided","name":"JsonWebTokenError","timestamp":"2024-01-20T17:16:34.295Z"}
{"level":"error","message":"jwt must be provided","name":"JsonWebTokenError","timestamp":"2024-01-20T17:16:37.926Z"}
{"level":"error","message":"jwt must be provided","name":"JsonWebTokenError","timestamp":"2024-01-20T17:16:37.938Z"}
{"level":"error","message":"jwt must be provided","name":"JsonWebTokenError","timestamp":"2024-01-20T17:16:37.948Z"}
{"level":"error","message":"jwt must be provided","name":"JsonWebTokenError","timestamp":"2024-01-24T04:19:08.665Z"}
{"level":"error","message":"jwt must be provided","name":"JsonWebTokenError","timestamp":"2024-01-24T04:19:08.717Z"}
{"level":"error","message":"jwt must be provided","name":"JsonWebTokenError","timestamp":"2024-01-24T04:19:08.736Z"}
{"level":"error","message":"jwt must be provided","name":"JsonWebTokenError","timestamp":"2024-01-24T04:20:45.697Z"}
{"level":"error","message":"jwt must be provided","name":"JsonWebTokenError","timestamp":"2024-01-24T04:20:45.700Z"}
{"level":"error","message":"jwt must be provided","name":"JsonWebTokenError","timestamp":"2024-01-24T04:20:47.045Z"}
{"level":"error","message":"jwt must be provided","name":"JsonWebTokenError","timestamp":"2024-01-24T04:20:47.083Z"}
{"level":"error","message":"jwt must be provided","name":"JsonWebTokenError","timestamp":"2024-01-24T04:20:47.109Z"}
{"level":"error","message":"jwt must be provided","name":"JsonWebTokenError","timestamp":"2024-01-24T04:26:32.264Z"}
{"level":"error","message":"jwt must be provided","name":"JsonWebTokenError","timestamp":"2024-01-24T04:26:32.278Z"}
{"level":"error","message":"jwt must be provided","name":"JsonWebTokenError","timestamp":"2024-01-24T04:26:32.290Z"}
{"level":"error","message":"jwt must be provided","name":"JsonWebTokenError","timestamp":"2024-01-24T04:28:08.310Z"}
{"level":"error","message":"jwt must be provided","name":"JsonWebTokenError","timestamp":"2024-01-24T04:28:08.317Z"}
{"level":"error","message":"jwt must be provided","name":"JsonWebTokenError","timestamp":"2024-01-24T04:28:08.329Z"}
{"level":"error","message":"jwt must be provided","name":"JsonWebTokenError","timestamp":"2024-01-24T04:30:07.678Z"}
{"level":"error","message":"jwt must be provided","name":"JsonWebTokenError","timestamp":"2024-01-24T04:30:07.933Z"}
{"level":"error","message":"jwt must be provided","name":"JsonWebTokenError","timestamp":"2024-01-24T04:30:07.950Z"}
{"level":"error","message":"jwt must be provided","name":"JsonWebTokenError","timestamp":"2024-01-24T04:30:11.656Z"}
{"level":"error","message":"jwt must be provided","name":"JsonWebTokenError","timestamp":"2024-01-24T04:30:11.701Z"}
{"level":"error","message":"jwt must be provided","name":"JsonWebTokenError","timestamp":"2024-01-24T04:30:11.707Z"}
{"level":"error","message":"jwt must be provided","name":"JsonWebTokenError","timestamp":"2024-01-24T04:43:18.306Z"}
{"level":"error","message":"jwt must be provided","name":"JsonWebTokenError","timestamp":"2024-01-24T04:43:18.332Z"}
{"level":"error","message":"jwt must be provided","name":"JsonWebTokenError","timestamp":"2024-01-24T04:43:18.348Z"}
{"level":"error","message":"jwt must be provided","name":"JsonWebTokenError","timestamp":"2024-01-24T04:50:56.167Z"}
{"level":"error","message":"jwt must be provided","name":"JsonWebTokenError","timestamp":"2024-01-24T04:50:56.200Z"}
{"level":"error","message":"jwt must be provided","name":"JsonWebTokenError","timestamp":"2024-01-24T04:50:56.227Z"}
{"level":"error","timestamp":"2024-01-24T04:57:47.961Z"}
{"level":"error","timestamp":"2024-01-24T04:57:47.962Z"}
{"level":"error","timestamp":"2024-01-24T04:57:47.965Z"}
{"level":"error","timestamp":"2024-01-24T04:57:47.966Z"}
{"level":"error","timestamp":"2024-01-24T04:57:47.966Z"}
{"level":"error","timestamp":"2024-01-24T04:57:47.970Z"}
{"level":"error","timestamp":"2024-01-24T04:57:48.133Z"}
{"level":"error","timestamp":"2024-01-24T04:57:48.156Z"}
{"level":"error","timestamp":"2024-01-24T04:57:48.210Z"}
{"level":"error","message":"jwt must be provided","name":"JsonWebTokenError","timestamp":"2024-01-24T04:58:00.048Z"}
{"level":"error","message":"jwt must be provided","name":"JsonWebTokenError","timestamp":"2024-01-24T04:58:00.058Z"}
{"level":"error","message":"jwt must be provided","name":"JsonWebTokenError","timestamp":"2024-01-24T04:58:00.164Z"}
{"level":"error","message":"jwt must be provided","name":"JsonWebTokenError","timestamp":"2024-01-24T05:03:59.274Z"}
{"level":"error","message":"jwt must be provided","name":"JsonWebTokenError","timestamp":"2024-01-24T05:03:59.349Z"}
{"level":"error","message":"jwt must be provided","name":"JsonWebTokenError","timestamp":"2024-01-24T05:03:59.373Z"}
{"level":"error","message":"jwt must be provided","name":"JsonWebTokenError","timestamp":"2024-01-24T05:04:00.619Z"}
{"level":"error","message":"jwt must be provided","name":"JsonWebTokenError","timestamp":"2024-01-24T05:04:00.654Z"}
{"level":"error","message":"jwt must be provided","name":"JsonWebTokenError","timestamp":"2024-01-24T05:04:00.656Z"}
{"level":"error","timestamp":"2024-01-24T05:14:07.059Z"}
{"level":"error","timestamp":"2024-01-24T05:14:07.066Z"}
{"level":"error","timestamp":"2024-01-24T05:14:07.109Z"}
{"level":"error","timestamp":"2024-01-24T05:17:00.534Z"}
{"level":"error","timestamp":"2024-01-24T05:17:00.538Z"}
{"level":"error","timestamp":"2024-01-24T05:17:00.581Z"}
{"level":"error","timestamp":"2024-01-24T05:18:17.487Z"}
{"level":"error","timestamp":"2024-01-24T05:18:17.532Z"}
{"level":"error","timestamp":"2024-01-24T05:18:17.579Z"}
{"level":"error","message":"jwt must be provided","name":"JsonWebTokenError","timestamp":"2024-01-24T05:23:24.776Z"}
{"level":"error","message":"jwt must be provided","name":"JsonWebTokenError","timestamp":"2024-01-24T05:23:24.782Z"}
{"level":"error","message":"jwt must be provided","name":"JsonWebTokenError","timestamp":"2024-01-24T05:23:24.784Z"}
{"level":"error","message":"jwt must be provided","name":"JsonWebTokenError","timestamp":"2024-01-24T05:26:22.680Z"}
{"level":"error","message":"jwt must be provided","name":"JsonWebTokenError","timestamp":"2024-01-24T05:26:22.683Z"}
{"level":"error","message":"jwt must be provided","name":"JsonWebTokenError","timestamp":"2024-01-24T05:26:22.689Z"}
{"level":"error","message":"jwt must be provided","name":"JsonWebTokenError","timestamp":"2024-01-24T05:27:59.978Z"}
{"level":"error","message":"jwt must be provided","name":"JsonWebTokenError","timestamp":"2024-01-24T05:27:59.982Z"}
{"level":"error","message":"jwt must be provided","name":"JsonWebTokenError","timestamp":"2024-01-24T05:27:59.990Z"}
{"level":"error","message":"jwt must be provided","name":"JsonWebTokenError","timestamp":"2024-01-24T05:34:01.994Z"}
{"level":"error","message":"jwt must be provided","name":"JsonWebTokenError","timestamp":"2024-01-24T05:34:01.999Z"}
{"level":"error","message":"jwt must be provided","name":"JsonWebTokenError","timestamp":"2024-01-24T05:34:02.019Z"}
{"level":"error","message":"jwt must be provided","name":"JsonWebTokenError","timestamp":"2024-01-25T09:30:57.004Z"}
{"level":"error","message":"jwt must be provided","name":"JsonWebTokenError","timestamp":"2024-01-25T09:30:57.010Z"}
{"level":"error","message":"jwt must be provided","name":"JsonWebTokenError","timestamp":"2024-01-25T09:30:57.026Z"}
